MPASM  5.51                      BOOT_ASM.ASM   7-7-2018  17:17:13         PAGE  1


LOC  OBJECT CODE     LINE SOURCE TEXT
  VALUE

                      00001 ;;;;;;;;;;;;;;;;;;;;;;;;;;;;;;;;;;;;;;;;;;;;;;;;;;;;;;;;;;;;;;;;;;;;;;;;;;;;;;
                      00002 ;;  BootLoader.                                                             ;;
                      00003 ;;  Copyright (C) 2007 Diolan ( http://www.diolan.com )                     ;;
                      00004 ;;                                                                          ;;
                      00005 ;;  This program is free software: you can redistribute it and/or modify    ;;
                      00006 ;;  it under the terms of the GNU General Public License as published by    ;;
                      00007 ;;  the Free Software Foundation, either version 3 of the License, or       ;;
                      00008 ;;  (at your option) any later version.                                     ;;
                      00009 ;;                                                                          ;;
                      00010 ;;  This program is distributed in the hope that it will be useful,         ;;
                      00011 ;;  but WITHOUT ANY WARRANTY; without even the implied warranty of          ;;
                      00012 ;;  MERCHANTABILITY or FITNESS FOR A PARTICULAR PURPOSE.  See the           ;;
                      00013 ;;  GNU General Public License for more details.                            ;;
                      00014 ;;                                                                          ;;
                      00015 ;;  You should have received a copy of the GNU General Public License       ;;
                      00016 ;;  along with this program.  If not, see <http://www.gnu.org/licenses/>    ;;
                      00017 ;;;;;;;;;;;;;;;;;;;;;;;;;;;;;;;;;;;;;;;;;;;;;;;;;;;;;;;;;;;;;;;;;;;;;;;;;;;;;;
                      00018 ; Flash Reading / Writing
                      00019 ;-----------------------------------------------------------------------------
                      00020         #include "P18F4455.INC"
                      00001         LIST
                      00002 
                      00003 ;==========================================================================
                      00004 ;  $Id: P18F4455.INC,v 1.9 2006/10/25 17:47:56 nairnj Exp $
                      00005 ;  MPASM PIC18F4455 processor include
                      00006 ; 
                      00007 ;  (c) Copyright 1999-2006 Microchip Technology, All rights reserved
                      00008 ;==========================================================================
                      00009 
                      01621         LIST
                      00021         #include "boot.inc"
                      00001 ;;;;;;;;;;;;;;;;;;;;;;;;;;;;;;;;;;;;;;;;;;;;;;;;;;;;;;;;;;;;;;;;;;;;;;;;;;;;;;
                      00002 ;;  BootLoader.                                                             ;;
                      00003 ;;  Copyright (C) 2007 Diolan ( http://www.diolan.com )                     ;;
                      00004 ;;                                                                          ;;
                      00005 ;;  This program is free software: you can redistribute it and/or modify    ;;
                      00006 ;;  it under the terms of the GNU General Public License as published by    ;;
                      00007 ;;  the Free Software Foundation, either version 3 of the License, or       ;;
                      00008 ;;  (at your option) any later version.                                     ;;
                      00009 ;;                                                                          ;;
                      00010 ;;  This program is distributed in the hope that it will be useful,         ;;
                      00011 ;;  but WITHOUT ANY WARRANTY; without even the implied warranty of          ;;
                      00012 ;;  MERCHANTABILITY or FITNESS FOR A PARTICULAR PURPOSE.  See the           ;;
                      00013 ;;  GNU General Public License for more details.                            ;;
                      00014 ;;                                                                          ;;
                      00015 ;;  You should have received a copy of the GNU General Public License       ;;
                      00016 ;;  along with this program.  If not, see <http://www.gnu.org/licenses/>    ;;
                      00017 ;;;;;;;;;;;;;;;;;;;;;;;;;;;;;;;;;;;;;;;;;;;;;;;;;;;;;;;;;;;;;;;;;;;;;;;;;;;;;;
                      00018 ; Main definitions
                      00019 ;-----------------------------------------------------------------------------
                      00020 ; Bootloader Version
                      00021 #define FW_VER_MAJOR            0
                      00022 #define FW_VER_MINOR            2
MPASM  5.51                      BOOT_ASM.ASM   7-7-2018  17:17:13         PAGE  2


LOC  OBJECT CODE     LINE SOURCE TEXT
  VALUE

                      00023 #define FW_VER_SUB_MINOR        2
                      00024 #define FW_VER_CODE             ((FW_VER_MAJOR << 8) | (FW_VER_MINOR << 4) | (FW_VER_SUB_MINOR))
                      00025 ;-----------------------------------------------------------------------------
                      00026 ; Application FW RESET and INTERRUPT VECTORS
                      00027 #define APP_RESET_VECTOR                0x000800
                      00028 #define APP_HIGH_INTERRUPT_VECTOR       0x000808
                      00029 #define APP_LOW_INTERRUPT_VECTOR        0x000818
                      00030 ;-----------------------------------------------------------------------------
                      00031 ; CPU Power & Speed
                      00032 ; If CPU_5V_HS is 1 then CPU run from 48 MHz PLL clock. REQUIRE 5V Power Supply
                      00033 ; If CPU_5V_HS is 0 then CPU run from 16 MHz OSC directly. Possible 3.3V Power Supply
                      00034 #define CPU_5V_HS               1
                      00035 ;-----------------------------------------------------------------------------
                      00036 ; EEPROM Mark to run bootloader
                      00037 #define USE_EEPROM_MARK         1       ; Enable EEPROM MARK. To disable = 0
                      00038 #define EEPROM_MARK_ADDR        0x00    ; EEPROM Address for MARK
                      00039 #define EEPROM_MARK             0x5A    ; MARK value
                      00040 ;-----------------------------------------------------------------------------
                      00041 ; EEPROM and ID encoding by XTEA support
                      00042 #define ENCODE_EEPROM           0       ; Disable EEPROM encoding. To enable = 1
                      00043 #define ENCODE_ID               0       ; Disable ID encoding. To enable = 1
                      00044 ;-----------------------------------------------------------------------------
                      00045 ; Debug messages over UART
                      00046 #define UART_DEBUG      0
                      00047 #if UART_DEBUG
                      00048 UD_INIT macro
                      00049         clrf    TXSTA
                      00050         clrf    RCSTA
                      00051         clrf    BAUDCON
                      00052         bsf     TXSTA, BRGH
                      00053         movlw   ((.48000000 / .16 / .115200) - 1)       ; .25 = 115200
                      00054         movwf   SPBRG
                      00055         bsf     RCSTA, SPEN
                      00056         bsf     TXSTA, TXEN
                      00057         endm
                      00058 UD_TX   macro   BYTE
                      00059         btfss   PIR1, TXIF
                      00060         bra     $ - 2
                      00061         movlw   BYTE
                      00062         movwf   TXREG
                      00063         bcf     PIR1, TXIF
                      00064         endm
                      00065 UD_TXB  macro   BYTE
                      00066         btfss   PIR1, TXIF
                      00067         bra     $ - 2
                      00068         movf    BYTE, W
                      00069         addlw   0x30
                      00070         movwf   TXREG
                      00071         bcf     PIR1, TXIF
                      00072         endm
                      00073 #else
                      00074 UD_INIT macro
                      00075         endm
MPASM  5.51                      BOOT_ASM.ASM   7-7-2018  17:17:13         PAGE  3


LOC  OBJECT CODE     LINE SOURCE TEXT
  VALUE

                      00076 UD_TX   macro   BYTE
                      00077         endm
                      00078 UD_TXB  macro   BYTE
                      00079         endm
                      00080 #endif ; UART_DEBUG
                      00081 ;-----------------------------------------------------------------------------
                      00022         #include "boot_if.inc"
                      00001 ;;;;;;;;;;;;;;;;;;;;;;;;;;;;;;;;;;;;;;;;;;;;;;;;;;;;;;;;;;;;;;;;;;;;;;;;;;;;;;
                      00002 ;;  BootLoader.                                                             ;;
                      00003 ;;  Copyright (C) 2007 Diolan ( http://www.diolan.com )                     ;;
                      00004 ;;                                                                          ;;
                      00005 ;;  This program is free software: you can redistribute it and/or modify    ;;
                      00006 ;;  it under the terms of the GNU General Public License as published by    ;;
                      00007 ;;  the Free Software Foundation, either version 3 of the License, or       ;;
                      00008 ;;  (at your option) any later version.                                     ;;
                      00009 ;;                                                                          ;;
                      00010 ;;  This program is distributed in the hope that it will be useful,         ;;
                      00011 ;;  but WITHOUT ANY WARRANTY; without even the implied warranty of          ;;
                      00012 ;;  MERCHANTABILITY or FITNESS FOR A PARTICULAR PURPOSE.  See the           ;;
                      00013 ;;  GNU General Public License for more details.                            ;;
                      00014 ;;                                                                          ;;
                      00015 ;;  You should have received a copy of the GNU General Public License       ;;
                      00016 ;;  along with this program.  If not, see <http://www.gnu.org/licenses/>    ;;
                      00017 ;;;;;;;;;;;;;;;;;;;;;;;;;;;;;;;;;;;;;;;;;;;;;;;;;;;;;;;;;;;;;;;;;;;;;;;;;;;;;;
                      00018 ; UEPn Initialization Parameters
                      00019 ;-----------------------------------------------------------------------------
                      00020 #define BOOT_CMD_SIZE   .64
                      00021 #ifdef HID_OUT_EP_SIZE
                      00022 #if HID_OUT_EP_SIZE < BOOT_CMD_SIZE
                      00023         error   "HID_OUT and CMD size missmatch: HID_OUT_EP_SIZE < BOOT_CMD_SIZE"
                      00024 #endif
                      00025 #endif
                      00026 
                      00027 #define BOOT_REP_SIZE   .64
                      00028 #ifdef HID_IN_EP_SIZE
                      00029 #if HID_IN_EP_SIZE < BOOT_CMD_SIZE
                      00030         error   "HID_IN and CMD size missmatch: HID_IN_EP_SIZE<BOOT_REP_SIZE"
                      00031 #endif
                      00032 #endif
                      00033 ;-----------------------------------------------------------------------------
                      00034 ; Command
                      00035 #define cmd     0
                      00036 ; To change command you have to fix 
                      00037 ; hid_process_cmd function in boot_asm.asm
                      00038 #define BOOT_READ_FLASH         0x01
                      00039 #define BOOT_WRITE_FLASH        0x02
                      00040 #define BOOT_ERASE_FLASH        0x03
                      00041 #define BOOT_GET_FW_VER         0x04
                      00042 #define BOOT_RESET              0x05
                      00043 #define BOOT_READ_ID            0x06
                      00044 #define BOOT_WRITE_ID           0x07
                      00045 #define BOOT_READ_EEPROM        0x08
                      00046 #define BOOT_WRITE_EEPROM       0x09
MPASM  5.51                      BOOT_ASM.ASM   7-7-2018  17:17:13         PAGE  4


LOC  OBJECT CODE     LINE SOURCE TEXT
  VALUE

                      00047 #define BOOT_CMD_UNKNOWN        0xFF
                      00048 
                      00049 #define BOOT_ID_LEN             8
                      00050 
                      00051 ; ID is used to link between command and reply 
                      00052 ; Reply must contain the same id as in related command
                      00053 #define id      1
                      00054 #define cmdata  2
                      00055 ;-----------------------------------------------------------------------------
                      00023         #include "usb_defs.inc"
                      00001 ;;;;;;;;;;;;;;;;;;;;;;;;;;;;;;;;;;;;;;;;;;;;;;;;;;;;;;;;;;;;;;;;;;;;;;;;;;;;;;
                      00002 ;;  BootLoader.                                                             ;;
                      00003 ;;  Copyright (C) 2007 Diolan ( http://www.diolan.com )                     ;;
                      00004 ;;                                                                          ;;
                      00005 ;;  This program is free software: you can redistribute it and/or modify    ;;
                      00006 ;;  it under the terms of the GNU General Public License as published by    ;;
                      00007 ;;  the Free Software Foundation, either version 3 of the License, or       ;;
                      00008 ;;  (at your option) any later version.                                     ;;
                      00009 ;;                                                                          ;;
                      00010 ;;  This program is distributed in the hope that it will be useful,         ;;
                      00011 ;;  but WITHOUT ANY WARRANTY; without even the implied warranty of          ;;
                      00012 ;;  MERCHANTABILITY or FITNESS FOR A PARTICULAR PURPOSE.  See the           ;;
                      00013 ;;  GNU General Public License for more details.                            ;;
                      00014 ;;                                                                          ;;
                      00015 ;;  You should have received a copy of the GNU General Public License       ;;
                      00016 ;;  along with this program.  If not, see <http://www.gnu.org/licenses/>    ;;
                      00017 ;;;;;;;;;;;;;;;;;;;;;;;;;;;;;;;;;;;;;;;;;;;;;;;;;;;;;;;;;;;;;;;;;;;;;;;;;;;;;;
                      00018 ;-----------------------------------------------------------------------------
                      00019 ; UEPn Initialization Parameters
                      00020 #define EP_CTRL         0x06    ; Cfg Control pipe for this ep
                      00021 #define EP_OUT          0x0C    ; Cfg OUT only pipe for this ep
                      00022 #define EP_IN           0x0A    ; Cfg IN only pipe for this ep
                      00023 #define EP_OUT_IN       0x0E    ; Cfg both OUT & IN pipes for this ep
                      00024 #define HSHK_EN         0x10    ; Enable handshake packet
                      00025 
                      00026 ; Buffer Descriptor Status Register Initialization Parameters
                      00027 #define _BSTALL         0x04    ; Buffer Stall enable
                      00028 #define _DTSEN          0x08    ; Data Toggle Synch enable
                      00029 #define _INCDIS         0x10    ; Address increment disable
                      00030 #define _KEN            0x20    ; SIE keeps buff descriptors enable
                      00031 #define _DAT0           0x00    ; DATA0 packet expected next
                      00032 #define _DAT1           0x40    ; DATA1 packet expected next
                      00033 #define _DTSMASK        0x40    ; DTS Mask
                      00034 #define _USIE           0x80    ; SIE owns buffer
                      00035 #define _UCPU           0x00    ; CPU owns buffer
                      00036 
                      00037 ; USTAT checking constants
                      00038 #define OUT             0
                      00039 #define IN              1
                      00040 #define EP00_OUT        ((0x00 << 3) | (OUT << 2))
                      00041 #define EP00_IN         ((0x00 << 3) | (IN << 2))
                      00042 
                      00043 ; USB PID: Token Types - See chapter 8 in the USB specification
MPASM  5.51                      BOOT_ASM.ASM   7-7-2018  17:17:13         PAGE  5


LOC  OBJECT CODE     LINE SOURCE TEXT
  VALUE

                      00044 #define SETUP_TOKEN     0x34
                      00045 #define OUT_TOKEN       0x04
                      00046 #define IN_TOKEN        0x24
                      00047 
                      00048 #define EP0_BUFF_SIZE   .64     
                      00049 
                      00050 ; HID
                      00051 #define HID_INTF_ID     0x00
                      00052 #define HID_UEP         UEP1
                      00053 #define HID_BD_OUT      ep1Bo
                      00054 #define HID_OUT_EP_SIZE EP0_BUFF_SIZE
                      00055 #define HID_BD_IN       ep1Bi
                      00056 #define HID_IN_EP_SIZE  .64
                      00057 
                      00058 ; SETUP packet fields
                      00059 
                      00060 #define RQ_TYPE_MASK    (0x03 << 5)
                      00061 #define STANDARD        (0x00 << 5)
                      00062 #define CLASS           (0x01 << 5)
                      00063 #define VENDOR          (0x02 << 5)
                      00064 ; Recipient
                      00065 #define RCPT_MASK       0x1F
                      00066 #define RCPT_DEV        0
                      00067 #define RCPT_INTF       1
                      00068 #define RCPT_EP         2
                      00069 #define RCPT_OTH        3
                      00070 ; Standard Requests
                      00071 #define GET_STATUS      .0
                      00072 #define CLR_FEATURE     .1
                      00073 #define SET_FEATURE     .3
                      00074 #define SET_ADR         .5
                      00075 #define GET_DSC         .6
                      00076 #define SET_DSC         .7
                      00077 #define GET_CFG         .8
                      00078 #define SET_CFG         .9
                      00079 #define GET_INTF        .10
                      00080 #define SET_INTF        .11
                      00081 #define SYNCH_FRAME     .12
                      00082 
                      00083 ; HID Class-Specific Requests
                      00084 #define GET_REPORT      0x01
                      00085 #define GET_IDLE        0x02
                      00086 #define GET_PROTOCOL    0x03
                      00087 #define SET_REPORT      0x09
                      00088 #define SET_IDLE        0x0A
                      00089 #define SET_PROTOCOL    0x0B
                      00090 
                      00091 ; Host-to-device,Device-to-host
                      00092 #define HOST_TO_DEV     0
                      00093 #define DEV_TO_HOST     1
                      00094 ; DEVICE_REMOTE_WAKEUP,ENDPOINT_HALT
                      00095 #define DEVICE_REMOTE_WAKEUP    0x01
                      00096 #define ENDPOINT_HALT           0x00
MPASM  5.51                      BOOT_ASM.ASM   7-7-2018  17:17:13         PAGE  6


LOC  OBJECT CODE     LINE SOURCE TEXT
  VALUE

                      00097 ;-----------------------------------------------------------------------------
                      00098 ; SETUP packet definitions
                      00099 #define bmRequestType   0
                      00100 #define bRequest        1
                      00101 #define wValue          2
                      00102 #define wIndex          4
                      00103 #define wLength         6
                      00104 
                      00105 #define DataDir         7       ; Bit number - Transaction Direction: 0-OUT, 1-IN
                      00106 
                      00107 #define bDscIndex       2       ; For Configuration and String DSC Only
                      00108 #define bDscType        3       ; Device,Configuration,String
                      00109 #define wLangID         4       ; Language ID
                      00110 
                      00111 #define bDevADR         2       ; Device Address 0-127
                      00112 #define bDevADRH        3       ; Must equal zero
                      00113 
                      00114 #define bCfgValue       2       ; Configuration Value 0-255
                      00115 #define bCfgRSD         3       ; Must equal zero (Reserved)
                      00116 
                      00117 #define Recipient       0       ; Device,Interface,Endpoint,Other
                      00118 
                      00119 #define EPNum           5       ; Endpoint Number 0-15
                      00120 #define EPDir           7       ; Bit number - Endpoint Direction: 0-OUT, 1-IN
                      00121 
                      00122 #define bAltID          2       ; Alternate Setting Value 0-255
                      00123 #define bAltID_H        3       ; Must equal zero
                      00124 #define bIntfID         4       ; Interface Number Value 0-255
                      00125 #define bIntfID_H       5       ; Must equal zero
                      00126 
                      00127 #define bFeature        2       ; DEVICE_REMOTE_WAKEUP, ENDPOINT_HALT
                      00128 ;-----------------------------------------------------------------------------
                      00024 ;-----------------------------------------------------------------------------
                      00025 ; Constants
                      00026 ;-----------------------------------------------------------------------------
                      00027 ; boot_cmd & boot_rep
  00000000            00028 CMD_OFFS        equ     0
  00000001            00029 ID_OFFS         equ     1
  00000002            00030 ADDR_LO_OFFS    equ     2
  00000003            00031 ADDR_HI_OFFS    equ     3
  00000005            00032 SIZE_OFFS       equ     5
  00000006            00033 CODE_OFFS       equ     6
  00000002            00034 VER_MAJOR_OFFS  equ     2
  00000003            00035 VER_MINOR_OFFS  equ     3
  00000004            00036 VER_SMINOR_OFFS equ     4
  00000006            00037 EEDATA_OFFS     equ     6
                      00038 
                      00039 ;-----------------------------------------------------------------------------
                      00040 ; Global Variables
                      00041 ;-----------------------------------------------------------------------------
  0000                00042         EXTERN  boot_cmd
  0000                00043         EXTERN  boot_rep
  0000                00044         EXTERN  hid_report_in
MPASM  5.51                      BOOT_ASM.ASM   7-7-2018  17:17:13         PAGE  7


LOC  OBJECT CODE     LINE SOURCE TEXT
  VALUE

                      00045 
                      00046 ;-----------------------------------------------------------------------------
                      00047 ; Extern Functions
                      00048 ;-----------------------------------------------------------------------------
  0000                00049         EXTERN  store_fsr1_fsr2
  0000                00050         EXTERN  restore_fsr1_fsr2
  0000                00051         EXTERN  xtea_encode
  0000                00052         EXTERN  xtea_decode
                      00053 
                      00054 ;-----------------------------------------------------------------------------
                      00055 ; Local Variables
                      00056 ;-----------------------------------------------------------------------------
                      00057 BOOT_DATA       UDATA
000000                00058 cntr            res     1
000001                00059 hold_r          res     1       ; Current Holding Register for tblwt
  0000                00060         global  eep_mark_set
000002                00061 eep_mark_set    res     1       
                      00062 
                      00063 ;-----------------------------------------------------------------------------
                      00064 ; START
                      00065 ;-----------------------------------------------------------------------------
                      00066 BOOT_ASM_CODE   CODE
                      00067 ;       GLOBAL  read_code    
                      00068 ;       GLOBAL  write_code    
                      00069 ;       GLOBAL  erase_code    
                      00070 ;       GLOBAL  set_eep_mark
                      00071 ;       GLOBAL  clr_eep_mark
  0000                00072         GLOBAL  bootloader_soft_reset
  0000                00073         GLOBAL  hid_process_cmd
  0000                00074         GLOBAL  copy_boot_rep
                      00075 ;-----------------------------------------------------------------------------
                      00076 ;       erase_code 
                      00077 ;-----------------------------------------------------------------------------
                      00078 ; DESCR :
                      00079 ; INPUT : boot_cmd
                      00080 ; OUTPUT: 
                      00081 ; NOTES : Assume TBLPTRU=0
                      00082 ;-----------------------------------------------------------------------------
000000                00083 erase_code
000000 D???           00084         rcall   load_address    ; TBLPTR = addr
                      00085 
000002                00086 erase_code_loop
                      00087         ; while( size_x64 )
                      00088         
                      00089         ; Erase 64 bytes block
000002 88A6           00090         bsf     EECON1, FREE    ; Enable row Erase (not PRORGRAMMING)
000004 D???           00091         rcall   flash_write     ; Erase block. EECON1.FREE will be cleared by HW
                      00092         
                      00093         ; TBLPTR += 64
000006 0E40           00094         movlw   0x40
000008 26F6           00095         addwf   TBLPTRL
00000A 0E00           00096         movlw   0x00
00000C 22F7           00097         addwfc  TBLPTRH
MPASM  5.51                      BOOT_ASM.ASM   7-7-2018  17:17:13         PAGE  8


LOC  OBJECT CODE     LINE SOURCE TEXT
  VALUE

                      00098         
00000E 2E??           00099         decfsz  boot_cmd + SIZE_OFFS
000010 D???           00100         bra     erase_code_loop
000012 0012           00101         return
                      00102 
                      00103 ;-----------------------------------------------------------------------------
                      00104 ;       read_code 
                      00105 ;-----------------------------------------------------------------------------
                      00106 ; DESCR :
                      00107 ; INPUT : boot_cmd
                      00108 ; OUTPUT: boot_rep
                      00109 ; NOTES : Assume TBLPTRU=0
                      00110 ;-----------------------------------------------------------------------------
000014                00111 read_code
000014 D???           00112         rcall   load_address_size8              ; TBLPTR=addr cntr=size8 & 0x3C
000016 EE?? F0??      00113         lfsr    FSR0, boot_rep + CODE_OFFS      ; FSR0=&boot_rep.data
                      00114 
                      00115         ; while( cntr-- )
00001A                00116 read_code_loop
00001A 0009           00117         tblrd*+
00001C CFF5 FFEE      00118         movff   TABLAT, POSTINC0
000020 2E??           00119         decfsz  cntr
000022 D???           00120         bra     read_code_loop
                      00121         
                      00122         ; Encode and return
                      00123         ;!!!!!!!!!!!!!!!!!!!!!!!!!!!!!!!!!!!!!!!!!!!!!!!!!!!!!!!!!!!!!!!!!
                      00124         ;bra    xtea_encode
000024 EF?? F???      00125         goto    xtea_encode
                      00126 
                      00127 ;-----------------------------------------------------------------------------
                      00128 ;       write_code 
                      00129 ;-----------------------------------------------------------------------------
                      00130 ; DESCR :
                      00131 ; INPUT : boot_cmd
                      00132 ; OUTPUT: 
                      00133 ; NOTES : Assume TBLPTRU=0
                      00134 ;-----------------------------------------------------------------------------
000028                00135 write_code
                      00136         ; Decode
                      00137         ;!!!!!!!!!!!!!!!!!!!!!!!!!!!!!!!!!!!!!!!!!!!!!!!!!!!!!!!!!!!!!!!!!
                      00138         ;rcall  xtea_decode
000028 EC?? F???      00139         call    xtea_decode
                      00140         
                      00141         ; TBLPTR = addr
00002C D???           00142         rcall   load_address_size8              ; TBLPTR=addr cntr=size8 & 0x3C
00002E EE?? F0??      00143         lfsr    FSR0,boot_cmd + CODE_OFFS       ; FSR0=&boot_cmd.data
000032 000A           00144         tblrd*-                                 ; TBLPTR--
                      00145         
                      00146         ; while( cntr-- )
000034                00147 write_code_loop
000034 CFEE FFF5      00148         movff   POSTINC0, TABLAT
000038 000F           00149         tblwt+*                 ; *(++Holding_Register) = *data++
00003A 2A??           00150         incf    hold_r          ; hold_r++
MPASM  5.51                      BOOT_ASM.ASM   7-7-2018  17:17:13         PAGE  9


LOC  OBJECT CODE     LINE SOURCE TEXT
  VALUE

00003C BA??           00151         btfsc   hold_r, 5       ; if( hold_r == 0x20 )  End of Holding Area
00003E D???           00152         rcall   flash_write     ;     write_flash       Dump Holding Area to Flash
000040 2E??           00153         decfsz  cntr
000042 D???           00154         bra     write_code_loop
                      00155         
000044 66??           00156         tstfsz  hold_r          ; if( hold_r != 0 )     Holding Area not dumped
000046 D???           00157         rcall   flash_write     ;       write_flash     Dump Holding Area to Flash
                      00158 
000048 0012           00159         return
                      00160 
                      00161 ;-----------------------------------------------------------------------------
                      00162 ;       read_id 
                      00163 ;-----------------------------------------------------------------------------
                      00164 ; DESCR :
                      00165 ; INPUT : 
                      00166 ; OUTPUT: boot_rep
                      00167 ; NOTES : Will leave TBLPTRU=0
                      00168 ;-----------------------------------------------------------------------------
00004A                00169 read_id
00004A D???           00170         rcall   rdwr_id_init
00004C EE?? F0??      00171         lfsr    FSR0, boot_rep + CODE_OFFS      ; FSR0=&boot_rep.data   
                      00172         ; while( cntr-- )
000050                00173 read_id_loop
000050 0009           00174         tblrd*+
000052 CFF5 FFEE      00175         movff   TABLAT, POSTINC0
000056 2E??           00176         decfsz  cntr
000058 D???           00177         bra     read_id_loop
                      00178         
00005A                00179 rdwr_id_return
00005A 6AF8           00180         clrf    TBLPTRU                  
                      00181 #if ENCODE_ID
                      00182         ; Encode and return
                      00183         ;!!!!!!!!!!!!!!!!!!!!!!!!!!!!!!!!!!!!!!!!!!!!!!!!!!!!!!!!!!!!!!!!!
                      00184         goto    xtea_encode
                      00185 #else
00005C 0012           00186         return
                      00187 #endif
                      00188         
                      00189 ;-----------------------------------------------------------------------------
                      00190 ;       write_id 
                      00191 ;-----------------------------------------------------------------------------
                      00192 ; DESCR :
                      00193 ; INPUT : boot_cmd
                      00194 ; OUTPUT: 
                      00195 ; NOTES : Will leave TBLPTRU=0
                      00196 ;-----------------------------------------------------------------------------
00005E                00197 write_id
                      00198 #if ENCODE_ID
                      00199         ; Decode
                      00200         ;!!!!!!!!!!!!!!!!!!!!!!!!!!!!!!!!!!!!!!!!!!!!!!!!!!!!!!!!!!!!!!!!!
                      00201         call    xtea_decode
                      00202 #endif
00005E D???           00203         rcall   rdwr_id_init
MPASM  5.51                      BOOT_ASM.ASM   7-7-2018  17:17:13         PAGE 10


LOC  OBJECT CODE     LINE SOURCE TEXT
  VALUE

000060 EE?? F0??      00204         lfsr    FSR0, boot_cmd + CODE_OFFS      ; FSR0=&boot_cmd.data
                      00205         
                      00206         ; Erase
000064 88A6           00207         bsf     EECON1, FREE                    ; Enable row Erase (not PRORGRAMMING)
000066 D???           00208         rcall   flash_write                     ; Erase block. EECON1.FREE will be cleared by HW
                      00209         
                      00210         ; while( cntr-- )
000068                00211 write_id_loop
000068 CFEE FFF5      00212         movff   POSTINC0, TABLAT
00006C 000D           00213         tblwt*+
00006E 2E??           00214         decfsz  cntr
000070 D???           00215         bra     write_id_loop
                      00216         
000072 D???           00217         rcall   flash_write
000074 D???           00218         bra     rdwr_id_return
                      00219         
000076                00220 rdwr_id_init
000076 0E20           00221         movlw   0x20
000078 6EF8           00222         movwf   TBLPTRU
00007A 6AF7           00223         clrf    TBLPTRH                  
00007C 6AF6           00224         clrf    TBLPTRL         ; TBLPTR=0x200000
00007E 0E08           00225         movlw   0x08
000080 6E??           00226         movwf   cntr            ; cntr=8
000082 6E??           00227         movwf   boot_rep + SIZE_OFFS
000084 0012           00228         return
                      00229 
                      00230 ;-----------------------------------------------------------------------------
                      00231 ; DESCR : Write data to EEPROM
                      00232 ; INPUT : boot_cmd
                      00233 ; OUTPUT:  boot_rep
                      00234 ; NOTES :
                      00235 ;-----------------------------------------------------------------------------
000086                00236 write_eeprom
                      00237 #if ENCODE_EEPROM
                      00238         ; Decode
                      00239         ;!!!!!!!!!!!!!!!!!!!!!!!!!!!!!!!!!!!!!!!!!!!!!!!!!!!!!!!!!!!!!!!!!
                      00240         call    xtea_decode
                      00241 #endif
000086 D???           00242         rcall   eeprom_init
000088 EE?? F0??      00243         lfsr    FSR0, boot_cmd + EEDATA_OFFS    ; FSR0=&boot_cmd.write_eeprom.data
                      00244         ; while( cntr-- )
00008C                00245 write_eeprom_loop
00008C CFEE FFA8      00246         movff   POSTINC0, EEDATA
000090 D???           00247         rcall   eeprom_write
000092 B2A6           00248         btfsc   EECON1, WR                      ; Is WRITE completed?
000094 D???           00249         bra     $ - 2                           ; Wait until WRITE complete
000096 2AA9           00250         incf    EEADR, F                        ; Next address
000098 2E??           00251         decfsz  cntr
00009A D???           00252         bra     write_eeprom_loop
00009C 0012           00253         return
                      00254 ;-----------------------------------------------------------------------------
                      00255 ; DESCR : Read data from EEPROM
                      00256 ; INPUT : boot_cmd
MPASM  5.51                      BOOT_ASM.ASM   7-7-2018  17:17:13         PAGE 11


LOC  OBJECT CODE     LINE SOURCE TEXT
  VALUE

                      00257 ; OUTPUT: boot_rep
                      00258 ; NOTES :
                      00259 ;-----------------------------------------------------------------------------
00009E                00260 read_eeprom
00009E D???           00261         rcall   eeprom_init
0000A0 EE?? F0??      00262         lfsr    FSR0, boot_rep + EEDATA_OFFS    ; FSR0=&boot_rsp.read_eeprom.data
                      00263         ; while( cntr-- )
0000A4                00264 read_eeprom_loop
0000A4 80A6           00265         bsf     EECON1, RD                      ; Read data
0000A6 CFA8 FFEE      00266         movff   EEDATA, POSTINC0
0000AA 2AA9           00267         incf    EEADR, F                        ; Next address
0000AC 2E??           00268         decfsz  cntr
0000AE D???           00269         bra     read_eeprom_loop
                      00270 #if ENCODE_EEPROM
                      00271         ; Encode and return
                      00272         ;!!!!!!!!!!!!!!!!!!!!!!!!!!!!!!!!!!!!!!!!!!!!!!!!!!!!!!!!!!!!!!!!!
                      00273         goto    xtea_encode
                      00274 #else
0000B0 0012           00275         return
                      00276 #endif
                      00277 ;-----------------------------------------------------------------------------
                      00278 ; DESCR : Setup EEPROM registers and vars
                      00279 ; INPUT : boot_cmd
                      00280 ; OUTPUT:
                      00281 ; NOTES :
                      00282 ;-----------------------------------------------------------------------------
0000B2                00283 eeprom_init
0000B2 50??           00284         movf    boot_cmd + ADDR_LO_OFFS, W      ; EEPEOM address to read
0000B4 6EA9           00285         movwf   EEADR
0000B6 50??           00286         movf    boot_cmd + SIZE_OFFS, W         ; Size  of data to read
0000B8 6E??           00287         movwf   cntr
0000BA 6E??           00288         movwf   boot_rep + SIZE_OFFS
0000BC 6AA6           00289         clrf    EECON1, W
0000BE 0012           00290         return
                      00291 ;-----------------------------------------------------------------------------
                      00292 ; Assembler Functions written to save code space
                      00293 ;-----------------------------------------------------------------------------
                      00294 
                      00295 ;-----------------------------------------------------------------------------
                      00296 ;       hid_process_cmd
                      00297 ;-----------------------------------------------------------------------------
                      00298 ; DESCR : Process HID command in boot_cmd
                      00299 ; INPUT : 
                      00300 ; OUTPUT: 
                      00301 ; NOTES : 
                      00302 ;-----------------------------------------------------------------------------
0000C0                00303 hid_process_cmd
0000C0 50??           00304         movf    boot_cmd + CMD_OFFS, W                  ; W = boot_cmd.cmd
0000C2 E0??           00305         bz      return_hid_process_cmd                  ; if( boot_cmd.cmd == 0 ) return
                      00306 
                      00307         ; Start processing
0000C4 6E??           00308         movwf   boot_rep + CMD_OFFS                     ; boot_rep.cmd = boot_cmd.cmd
0000C6 C??? F???      00309         movff   boot_cmd + ID_OFFS, boot_rep + ID_OFFS  ; boot_rep.id = boot_cmd.id
MPASM  5.51                      BOOT_ASM.ASM   7-7-2018  17:17:13         PAGE 12


LOC  OBJECT CODE     LINE SOURCE TEXT
  VALUE

                      00310         
                      00311 #if USE_EEPROM_MARK 
                      00312         ; Set EEPROM Mark on first command received
0000CA A0??           00313         btfss   eep_mark_set, 0 ; if( eeprom_mark_set == 0 )
0000CC D???           00314         rcall   set_eep_mark    ;     set_eeprom_mark
                      00315         ; WREG corrupted, reload command
0000CE 50??           00316         movf    boot_cmd + CMD_OFFS, W                  ; W = boot_cmd.cmd
                      00317 #endif
0000D0 6A??           00318         clrf    boot_cmd + CMD_OFFS                     ; boot_cmd.cmd = 0
                      00319         ; switch( boot_cmd.cmd )
0000D2 4EE8           00320         dcfsnz  WREG
0000D4 D???           00321         bra     read_code       ; cmd=1 BOOT_READ_FLASH
0000D6 4EE8           00322         dcfsnz  WREG
0000D8 D???           00323         bra     write_code      ; cmd=2 BOOT_WRITE_FLASH
0000DA 4EE8           00324         dcfsnz  WREG
0000DC D???           00325         bra     erase_code      ; cmd=3 BOOT_ERASE_FLASH
0000DE 4EE8           00326         dcfsnz  WREG
0000E0 D???           00327         bra     get_fw_version  ; cmd=4 BOOT_GET_FW_VER
0000E2 4EE8           00328         dcfsnz  WREG
0000E4 D???           00329         bra     soft_reset      ; cmd=5 BOOT_RESET
0000E6 4EE8           00330         dcfsnz  WREG
0000E8 D???           00331         bra     read_id         ; cmd=6 BOOT_READ_ID
0000EA 4EE8           00332         dcfsnz  WREG
0000EC D???           00333         bra     write_id        ; cmd=7 BOOT_WRITE_ID
0000EE 4EE8           00334         dcfsnz  WREG
0000F0 D???           00335         bra     read_eeprom     ; cmd=8 BOOT_READ_EEPROM
0000F2 4EE8           00336         dcfsnz  WREG
0000F4 D???           00337         bra     write_eeprom    ; cmd=9 BOOT_WRITE_EEPROM
                      00338 
                      00339         ; If command is not processed sned back BOOT_CMD_UNKNOWN                                        
                                                             
0000F6                00340 unknown_cmd
0000F6 0EFF           00341         movlw   BOOT_CMD_UNKNOWN
0000F8 6E??           00342         movwf   boot_rep + CMD_OFFS     ; boot_rep.cmd = BOOT_CMD_UNKNOWN
                      00343         
0000FA                00344 return_hid_process_cmd
0000FA 0012           00345         return
                      00346         
                      00347 ;-----------------------------------------------------------------------------
                      00348 ;       get_fw_version 
                      00349 ;-----------------------------------------------------------------------------
                      00350 ; DESCR : get_fw_version
                      00351 ; INPUT : 
                      00352 ; OUTPUT: 
                      00353 ; NOTES : 
                      00354 ;-----------------------------------------------------------------------------
0000FC                00355 get_fw_version
0000FC 0E00           00356         movlw   FW_VER_MAJOR
0000FE 6E??           00357         movwf   boot_rep + VER_MAJOR_OFFS 
000100 0E02           00358         movlw   FW_VER_MINOR
000102 6E??           00359         movwf   boot_rep + VER_MINOR_OFFS 
000104 0E02           00360         movlw   FW_VER_SUB_MINOR
000106 6E??           00361         movwf   boot_rep + VER_SMINOR_OFFS
MPASM  5.51                      BOOT_ASM.ASM   7-7-2018  17:17:13         PAGE 13


LOC  OBJECT CODE     LINE SOURCE TEXT
  VALUE

000108 0012           00362         return
                      00363 
                      00364 ;-----------------------------------------------------------------------------
                      00365 ;       soft_reset       
                      00366 ;       bootloader_soft_reset       
                      00367 ;-----------------------------------------------------------------------------
                      00368 ; DESCR : Reset         
                      00369 ; INPUT : 
                      00370 ; OUTPUT: 
                      00371 ; NOTES : 
                      00372 ;-----------------------------------------------------------------------------
                      00373 #if USE_EEPROM_MARK
                      00374 ; Soft Reset and run bootloader FW
00010A                00375 bootloader_soft_reset
                      00376         ; Set EEPROM Mark
00010A D???           00377         rcall   set_eep_mark
00010C D???           00378         bra     soft_reset2
                      00379 #endif
                      00380 
                      00381 ; Soft Reset and run Application FW
00010E                00382 soft_reset
                      00383 #if USE_EEPROM_MARK 
                      00384         ; Remove EEPROM Mark
00010E D???           00385         rcall   clr_eep_mark
                      00386 #endif        
                      00387 
                      00388         ; Reset USB        
000110                00389 soft_reset2
000110 966D           00390         bcf     UCON,USBEN      ; Disable USB Engine
                      00391         
                      00392         ; Delay to show USB device reset
000112 6A??           00393         clrf    cntr
000114 6AE8           00394         clrf    WREG
000116 2EE8           00395         decfsz  WREG
000118 D???           00396         bra     $ - 2
00011A 2E??           00397         decfsz  cntr
00011C D???           00398         bra     $ - 8
                      00399         
00011E 00FF           00400         reset
                      00401 
                      00402 ;-----------------------------------------------------------------------------
                      00403 ;       copy_boot_rep 
                      00404 ;-----------------------------------------------------------------------------
                      00405 ; DESCR : boot_rep => hid_report_in, boot_rep <= 0
                      00406 ; INPUT : boot_rep
                      00407 ; OUTPUT: 
                      00408 ; NOTES : 
                      00409 ;-----------------------------------------------------------------------------
000120                00410 copy_boot_rep
000120 D???           00411         rcall   store_fsr1_fsr2
                      00412         
000122 EE?? F0??      00413         lfsr    FSR0, boot_rep
000126 EE?? F0??      00414         lfsr    FSR1, hid_report_in
MPASM  5.51                      BOOT_ASM.ASM   7-7-2018  17:17:13         PAGE 14


LOC  OBJECT CODE     LINE SOURCE TEXT
  VALUE

00012A 0E40           00415         movlw   HID_IN_EP_SIZE
                      00416         
                      00417         ; while( w )
00012C                00418 copy_boot_rep_loop
00012C CFEF FFE6      00419         movff   INDF0, POSTINC1
000130 6AEE           00420         clrf    POSTINC0
000132 2EE8           00421         decfsz  WREG
000134 D???           00422         bra     copy_boot_rep_loop
                      00423         
                      00424         ; restore FSR1,FSR2 and return
000136 D???           00425         bra     restore_fsr1_fsr2
                      00426 
                      00427 ;-----------------------------------------------------------------------------
                      00428 ;       set_eep_mask 
                      00429 ;       clr_eep_mask 
                      00430 ;-----------------------------------------------------------------------------
                      00431 ; DESCR : 
                      00432 ; INPUT : 
                      00433 ; OUTPUT: 
                      00434 ; NOTES : 
                      00435 ;-----------------------------------------------------------------------------
000138                00436 clr_eep_mark
000138 0EA5           00437         movlw   ~(EEPROM_MARK)
00013A 6A??           00438         clrf    eep_mark_set    ; EEP_MARK will be cleared
00013C D???           00439         bra     write_eep_mark
00013E                00440 set_eep_mark
00013E 0E5A           00441         movlw   EEPROM_MARK
000140 80??           00442         bsf     eep_mark_set, 0 ; EEP_MARK will be set
000142                00443 write_eep_mark
000142 6EA8           00444         movwf   EEDATA          ; Set Data
000144 0E00           00445         movlw   EEPROM_MARK_ADDR
000146 6EA9           00446         movwf   EEADR           ; Set Address
000148 9EA6           00447         bcf     EECON1, EEPGD   ; Access EEPROM (not code memory)
00014A D???           00448         rcall   eeprom_write    ; Perform write sequence
00014C B2A6           00449         btfsc   EECON1, WR
00014E D???           00450         bra     $ - 2           ; Wait EEIF=1 write completed
000150 94A6           00451         bcf     EECON1, WREN    ; Disable writes
000152 0012           00452         return
                      00453 
                      00454 ;-----------------------------------------------------------------------------
                      00455 ; Local Functions
                      00456 ;-----------------------------------------------------------------------------
                      00457 ; cntr = boot_rep_size8 = boot_cmd.size8 & 0x3C
000154                00458 load_address_size8
000154 50??           00459         movf    boot_cmd + SIZE_OFFS, W
000156 0B3C           00460         andlw   0x3C
000158 6E??           00461         movwf   cntr
00015A 6E??           00462         movwf   boot_rep + SIZE_OFFS
                      00463 
                      00464 ; TBLPTR = boot_rep.addr = boot_cmd.addr; hold_r = boot_cmd.addr_lo & 0x1F
00015C                00465 load_address
00015C 50??           00466         movf    boot_cmd + ADDR_HI_OFFS, W
00015E 6EF7           00467         movwf   TBLPTRH
MPASM  5.51                      BOOT_ASM.ASM   7-7-2018  17:17:13         PAGE 15


LOC  OBJECT CODE     LINE SOURCE TEXT
  VALUE

000160 6E??           00468         movwf   boot_rep + ADDR_HI_OFFS
000162 50??           00469         movf    boot_cmd + ADDR_LO_OFFS, W
000164 6EF6           00470         movwf   TBLPTRL
000166 6E??           00471         movwf   boot_rep + ADDR_LO_OFFS
000168 0B1F           00472         andlw   0x1F
00016A 6E??           00473         movwf   hold_r
00016C 0012           00474         return
                      00475 
                      00476 ; write flash (if EECON1.FREE is set will perform block erase)          
00016E                00477 flash_write
00016E 8EA6           00478         bsf     EECON1, EEPGD   ; Access code memory (not EEPROM)
                      00479 ; write eeprom EEADR,EEDATA must be preset, EEPGD must be cleared       
000170                00480 eeprom_write
000170 9CA6           00481         bcf     EECON1, CFGS    ; Access code memory (not Config)
000172 84A6           00482         bsf     EECON1, WREN    ; Enable write
000174 0E55           00483         movlw   0x55
000176 6EA7           00484         movwf   EECON2
000178 0EAA           00485         movlw   0xAA
00017A 6EA7           00486         movwf   EECON2
00017C 82A6           00487         bsf     EECON1, WR      ; Start flash/eeprom writing
00017E 6A??           00488         clrf    hold_r          ; hold_r=0
000180 0012           00489         return
                      00490 ;-----------------------------------------------------------------------------
                      00491         END
MPASM  5.51                      BOOT_ASM.ASM   7-7-2018  17:17:13         PAGE 16


SYMBOL TABLE
  LABEL                             VALUE 

A                                 00000000
ABDEN                             00000000
ABDOVF                            00000007
ACCESS                            00000000
ACKDT                             00000005
ACKEN                             00000004
ACKSTAT                           00000006
ACQT0                             00000003
ACQT1                             00000004
ACQT2                             00000005
ACTVIE                            00000002
ACTVIF                            00000002
ADCON0                            00000FC2
ADCON1                            00000FC1
ADCON2                            00000FC0
ADCS0                             00000000
ADCS1                             00000001
ADCS2                             00000002
ADDEN                             00000003
ADDR0                             00000000
ADDR1                             00000001
ADDR2                             00000002
ADDR3                             00000003
ADDR4                             00000004
ADDR5                             00000005
ADDR6                             00000006
ADDR_HI_OFFS                      00000003
ADDR_LO_OFFS                      00000002
ADEN                              00000003
ADFM                              00000007
ADIE                              00000006
ADIF                              00000006
ADIP                              00000006
ADON                              00000000
ADRES                             00000FC3
ADRESH                            00000FC4
ADRESL                            00000FC3
AN0                               00000000
AN1                               00000001
AN2                               00000002
AN3                               00000003
AN4                               00000005
APP_HIGH_INTERRUPT_VECTOR         0x000808
APP_LOW_INTERRUPT_VECTOR          0x000818
APP_RESET_VECTOR                  0x000800
BANKED                            00000001
BAUDCON                           00000FB8
BCLIE                             00000003
BCLIF                             00000003
BCLIP                             00000003
BF                                00000000
BGST                              00000005
BOOT_CMD_SIZE                     .64
MPASM  5.51                      BOOT_ASM.ASM   7-7-2018  17:17:13         PAGE 17


SYMBOL TABLE
  LABEL                             VALUE 

BOOT_CMD_UNKNOWN                  0xFF
BOOT_ERASE_FLASH                  0x03
BOOT_GET_FW_VER                   0x04
BOOT_ID_LEN                       8
BOOT_READ_EEPROM                  0x08
BOOT_READ_FLASH                   0x01
BOOT_READ_ID                      0x06
BOOT_REP_SIZE                     .64
BOOT_RESET                        0x05
BOOT_WRITE_EEPROM                 0x09
BOOT_WRITE_FLASH                  0x02
BOOT_WRITE_ID                     0x07
BOR                               00000000
BRG16                             00000003
BRGH                              00000002
BSR                               00000FE0
BTOEE                             00000004
BTOEF                             00000004
BTSEE                             00000007
BTSEF                             00000007
C                                 00000000
C1INV                             00000004
C1OUT                             00000006
C2INV                             00000005
C2OUT                             00000007
CCP1                              00000002
CCP1AS                            00000FB6
CCP1CON                           00000FBD
CCP1DEL                           00000FB7
CCP1IE                            00000002
CCP1IF                            00000002
CCP1IP                            00000002
CCP1M0                            00000000
CCP1M1                            00000001
CCP1M2                            00000002
CCP1M3                            00000003
CCP2CON                           00000FBA
CCP2IE                            00000000
CCP2IF                            00000000
CCP2IP                            00000000
CCP2M0                            00000000
CCP2M1                            00000001
CCP2M2                            00000002
CCP2M3                            00000003
CCPR1                             00000FBE
CCPR1H                            00000FBF
CCPR1L                            00000FBE
CCPR2                             00000FBB
CCPR2H                            00000FBC
CCPR2L                            00000FBB
CFGS                              00000006
CHS0                              00000002
CHS1                              00000003
MPASM  5.51                      BOOT_ASM.ASM   7-7-2018  17:17:13         PAGE 18


SYMBOL TABLE
  LABEL                             VALUE 

CHS2                              00000004
CHS3                              00000005
CIS                               00000003
CK                                00000006
CK1SPP                            00000000
CK2SPP                            00000001
CKE                               00000006
CKP                               00000004
CLASS                             (0x01 << 5)
CLK1EN                            00000004
CLKCFG0                           00000006
CLKCFG1                           00000007
CLR_FEATURE                       .1
CM0                               00000000
CM1                               00000001
CM2                               00000002
CMCON                             00000FB4
CMD_OFFS                          00000000
CMIE                              00000006
CMIF                              00000006
CMIP                              00000006
CODE_OFFS                         00000006
CPU_5V_HS                         1
CRC16EE                           00000002
CRC16EF                           00000002
CRC5EE                            00000001
CRC5EF                            00000001
CREN                              00000004
CSEN                              00000005
CSRC                              00000007
CVR0                              00000000
CVR1                              00000001
CVR2                              00000002
CVR3                              00000003
CVRCON                            00000FB5
CVREF                             00000004
CVREN                             00000007
CVROE                             00000006
CVRR                              00000005
CVRSS                             00000004
D                                 00000005
DATA_ADDRESS                      00000005
DC                                00000001
DC1B0                             00000004
DC1B1                             00000005
DC2B0                             00000004
DC2B1                             00000005
DDRA                              TRISA
DDRB                              TRISB
DDRC                              TRISC
DDRD                              TRISD
DDRE                              TRISE
DEVICE_REMOTE_WAKEUP              0x01
MPASM  5.51                      BOOT_ASM.ASM   7-7-2018  17:17:13         PAGE 19


SYMBOL TABLE
  LABEL                             VALUE 

DEV_TO_HOST                       1
DFN8EE                            00000003
DFN8EF                            00000003
DIR                               00000002
DONE                              00000001
D_A                               00000005
DataDir                           7
ECCP1AS                           00000FB6
ECCP1CON                          00000FBD
ECCP1DEL                          00000FB7
ECCPAS0                           00000004
ECCPAS1                           00000005
ECCPAS2                           00000006
ECCPASE                           00000007
EEADR                             00000FA9
EECON1                            00000FA6
EECON2                            00000FA7
EEDATA                            00000FA8
EEDATA_OFFS                       00000006
EEIE                              00000004
EEIF                              00000004
EEIP                              00000004
EEPGD                             00000007
EEPROM_MARK                       0x5A
EEPROM_MARK_ADDR                  0x00
ENCODE_EEPROM                     0
ENCODE_ID                         0
ENDP0                             00000003
ENDP1                             00000004
ENDP2                             00000005
ENDP3                             00000006
ENDPOINT_HALT                     0x00
EP00_IN                           ((0x00 << 3) | (IN << 2))
EP00_OUT                          ((0x00 << 3) | (OUT << 2))
EP0_BUFF_SIZE                     .64
EPCONDIS                          00000003
EPDir                             7
EPHSHK                            00000004
EPINEN                            00000001
EPNum                             5
EPOUTEN                           00000002
EPSTALL                           00000000
EP_CTRL                           0x06
EP_IN                             0x0A
EP_OUT                            0x0C
EP_OUT_IN                         0x0E
FAST                              00000001
FERR                              00000002
FLTS                              00000002
FREE                              00000004
FRM0                              00000000
FRM1                              00000001
FRM10                             00000002
MPASM  5.51                      BOOT_ASM.ASM   7-7-2018  17:17:13         PAGE 20


SYMBOL TABLE
  LABEL                             VALUE 

FRM2                              00000002
FRM3                              00000003
FRM4                              00000004
FRM5                              00000005
FRM6                              00000006
FRM7                              00000007
FRM8                              00000000
FRM9                              00000001
FSEN                              00000002
FSR0                              00000000
FSR0H                             00000FEA
FSR0L                             00000FE9
FSR1                              00000001
FSR1H                             00000FE2
FSR1L                             00000FE1
FSR2                              00000002
FSR2H                             00000FDA
FSR2L                             00000FD9
FW_VER_CODE                       ((FW_VER_MAJOR << 8) | (FW_VER_MINOR << 4) | (FW_VER_SUB_MINOR))
FW_VER_MAJOR                      0
FW_VER_MINOR                      2
FW_VER_SUB_MINOR                  2
GCEN                              00000007
GET_CFG                           .8
GET_DSC                           .6
GET_IDLE                          0x02
GET_INTF                          .10
GET_PROTOCOL                      0x03
GET_REPORT                        0x01
GET_STATUS                        .0
GIE                               00000007
GIEH                              00000007
GIEL                              00000006
GO                                00000001
GO_DONE                           00000001
HID_BD_IN                         ep1Bi
HID_BD_OUT                        ep1Bo
HID_INTF_ID                       0x00
HID_IN_EP_SIZE                    .64
HID_OUT_EP_SIZE                   EP0_BUFF_SIZE
HID_UEP                           UEP1
HLVDCON                           00000FD2
HLVDEN                            00000004
HLVDIE                            00000002
HLVDIF                            00000002
HLVDIN                            00000005
HLVDIP                            00000002
HLVDL0                            00000000
HLVDL1                            00000001
HLVDL2                            00000002
HLVDL3                            00000003
HOST_TO_DEV                       0
HSHK_EN                           0x10
MPASM  5.51                      BOOT_ASM.ASM   7-7-2018  17:17:13         PAGE 21


SYMBOL TABLE
  LABEL                             VALUE 

I2C_DAT                           00000005
I2C_READ                          00000002
I2C_START                         00000003
I2C_STOP                          00000004
IDLEIE                            00000004
IDLEIF                            00000004
IDLEN                             00000007
ID_OFFS                           00000001
IN                                1
INDF0                             00000FEF
INDF1                             00000FE7
INDF2                             00000FDF
INT0                              00000000
INT0E                             00000004
INT0F                             00000001
INT0IE                            00000004
INT0IF                            00000001
INT1                              00000001
INT1E                             00000003
INT1F                             00000000
INT1IE                            00000003
INT1IF                            00000000
INT1IP                            00000006
INT1P                             00000006
INT2                              00000002
INT2E                             00000004
INT2F                             00000001
INT2IE                            00000004
INT2IF                            00000001
INT2IP                            00000007
INT2P                             00000007
INTCON                            00000FF2
INTCON2                           00000FF1
INTCON3                           00000FF0
INTEDG0                           00000006
INTEDG1                           00000005
INTEDG2                           00000004
INTSRC                            00000007
IN_TOKEN                          0x24
IOFS                              00000002
IPEN                              00000007
IPR1                              00000F9F
IPR2                              00000FA2
IRCF0                             00000004
IRCF1                             00000005
IRCF2                             00000006
IRVST                             00000005
IVRST                             00000005
LATA                              00000F89
LATA0                             00000000
LATA1                             00000001
LATA2                             00000002
LATA3                             00000003
MPASM  5.51                      BOOT_ASM.ASM   7-7-2018  17:17:13         PAGE 22


SYMBOL TABLE
  LABEL                             VALUE 

LATA4                             00000004
LATA5                             00000005
LATA6                             00000006
LATB                              00000F8A
LATB0                             00000000
LATB1                             00000001
LATB2                             00000002
LATB3                             00000003
LATB4                             00000004
LATB5                             00000005
LATB6                             00000006
LATB7                             00000007
LATC                              00000F8B
LATC0                             00000000
LATC1                             00000001
LATC2                             00000002
LATC6                             00000006
LATC7                             00000007
LATD                              00000F8C
LATD0                             00000000
LATD1                             00000001
LATD2                             00000002
LATD3                             00000003
LATD4                             00000004
LATD5                             00000005
LATD6                             00000006
LATD7                             00000007
LATE                              00000F8D
LATE0                             00000000
LATE1                             00000001
LATE2                             00000002
LVDCON                            00000FD2
LVDEN                             00000004
LVDIE                             00000002
LVDIF                             00000002
LVDIN                             00000005
LVDIP                             00000002
LVDL0                             00000000
LVDL1                             00000001
LVDL2                             00000002
LVDL3                             00000003
LVV0                              00000000
LVV1                              00000001
LVV2                              00000002
LVV3                              00000003
N                                 00000004
NOT_A                             00000005
NOT_ADDRESS                       00000005
NOT_BOR                           00000000
NOT_DONE                          00000001
NOT_IPEN                          00000007
NOT_PD                            00000002
NOT_POR                           00000001
MPASM  5.51                      BOOT_ASM.ASM   7-7-2018  17:17:13         PAGE 23


SYMBOL TABLE
  LABEL                             VALUE 

NOT_RBPU                          00000007
NOT_RI                            00000004
NOT_T1SYNC                        00000002
NOT_T3SYNC                        00000002
NOT_TO                            00000003
NOT_W                             00000002
NOT_WRITE                         00000002
OERR                              00000001
OESPP                             00000002
OSC2                              00000006
OSCCON                            00000FD3
OSCFIE                            00000007
OSCFIF                            00000007
OSCFIP                            00000007
OSCTUNE                           00000F9B
OSTS                              00000003
OUT                               0
OUT_TOKEN                         0x04
OV                                00000003
P                                 00000004
P1A                               00000002
P1M0                              00000006
P1M1                              00000007
PC                                00000FF9
PCFG0                             00000000
PCFG1                             00000001
PCFG2                             00000002
PCFG3                             00000003
PCL                               00000FF9
PCLATH                            00000FFA
PCLATU                            00000FFB
PD                                00000002
PDC0                              00000000
PDC1                              00000001
PDC2                              00000002
PDC3                              00000003
PDC4                              00000004
PDC5                              00000005
PDC6                              00000006
PEIE                              00000006
PEN                               00000002
PGC                               00000006
PGD                               00000007
PGM                               00000005
PIDEE                             00000000
PIDEF                             00000000
PIE1                              00000F9D
PIE2                              00000FA0
PIR1                              00000F9E
PIR2                              00000FA1
PKTDIS                            00000004
PLUSW0                            00000FEB
PLUSW1                            00000FE3
MPASM  5.51                      BOOT_ASM.ASM   7-7-2018  17:17:13         PAGE 24


SYMBOL TABLE
  LABEL                             VALUE 

PLUSW2                            00000FDB
POR                               00000001
PORTA                             00000F80
PORTB                             00000F81
PORTC                             00000F82
PORTD                             00000F83
PORTE                             00000F84
POSTDEC0                          00000FED
POSTDEC1                          00000FE5
POSTDEC2                          00000FDD
POSTINC0                          00000FEE
POSTINC1                          00000FE6
POSTINC2                          00000FDE
PPB0                              00000000
PPB1                              00000001
PPBI                              00000001
PPBRST                            00000006
PR2                               00000FCB
PREINC0                           00000FEC
PREINC1                           00000FE4
PREINC2                           00000FDC
PROD                              00000FF3
PRODH                             00000FF4
PRODL                             00000FF3
PRSEN                             00000007
PSA                               00000003
PSSAC0                            00000002
PSSAC1                            00000003
PSSBD0                            00000000
PSSBD1                            00000001
R                                 00000002
RA0                               00000000
RA1                               00000001
RA2                               00000002
RA3                               00000003
RA4                               00000004
RA5                               00000005
RA6                               00000006
RB0                               00000000
RB1                               00000001
RB2                               00000002
RB3                               00000003
RB4                               00000004
RB5                               00000005
RB6                               00000006
RB7                               00000007
RBIE                              00000003
RBIF                              00000000
RBIP                              00000000
RBPU                              00000007
RC0                               00000000
RC1                               00000001
RC2                               00000002
MPASM  5.51                      BOOT_ASM.ASM   7-7-2018  17:17:13         PAGE 25


SYMBOL TABLE
  LABEL                             VALUE 

RC4                               00000004
RC5                               00000005
RC6                               00000006
RC7                               00000007
RCEN                              00000003
RCIDL                             00000006
RCIE                              00000005
RCIF                              00000005
RCIP                              00000005
RCMT                              00000006
RCON                              00000FD0
RCPT_DEV                          0
RCPT_EP                           2
RCPT_INTF                         1
RCPT_MASK                         0x1F
RCPT_OTH                          3
RCREG                             00000FAE
RCSTA                             00000FAB
RD                                00000000
RD0                               00000000
RD1                               00000001
RD16                              00000007
RD2                               00000002
RD3                               00000003
RD4                               00000004
RD5                               00000005
RD6                               00000006
RD7                               00000007
RDPU                              00000007
RDSPP                             00000007
RE0                               00000000
RE1                               00000001
RE2                               00000002
RE3                               00000003
READ_WRITE                        00000002
RESUME                            00000002
RI                                00000004
RQ_TYPE_MASK                      (0x03 << 5)
RSEN                              00000001
RX                                00000007
RX9                               00000006
RX9D                              00000000
R_W                               00000002
Recipient                         0
S                                 00000003
SBOREN                            00000006
SCKP                              00000004
SCS0                              00000000
SCS1                              00000001
SE0                               00000005
SEN                               00000000
SENDB                             00000003
SETUP_TOKEN                       0x34
MPASM  5.51                      BOOT_ASM.ASM   7-7-2018  17:17:13         PAGE 26


SYMBOL TABLE
  LABEL                             VALUE 

SET_ADR                           .5
SET_CFG                           .9
SET_DSC                           .7
SET_FEATURE                       .3
SET_IDLE                          0x0A
SET_INTF                          .11
SET_PROTOCOL                      0x0B
SET_REPORT                        0x09
SIZE_OFFS                         00000005
SMP                               00000007
SOFIE                             00000006
SOFIF                             00000006
SPBRG                             00000FAF
SPBRGH                            00000FB0
SPEN                              00000007
SPP0                              00000000
SPP1                              00000001
SPP2                              00000002
SPP3                              00000003
SPP4                              00000004
SPP5                              00000005
SPP6                              00000006
SPP7                              00000007
SPPBUSY                           00000004
SPPCFG                            00000F63
SPPCON                            00000F65
SPPDATA                           00000F62
SPPEN                             00000000
SPPEPS                            00000F64
SPPIE                             00000007
SPPIF                             00000007
SPPIP                             00000007
SPPOWN                            00000001
SREN                              00000005
SSPADD                            00000FC8
SSPBUF                            00000FC9
SSPCON1                           00000FC6
SSPCON2                           00000FC5
SSPEN                             00000005
SSPIE                             00000003
SSPIF                             00000003
SSPIP                             00000003
SSPM0                             00000000
SSPM1                             00000001
SSPM2                             00000002
SSPM3                             00000003
SSPOV                             00000006
SSPSTAT                           00000FC7
STALLIE                           00000005
STALLIF                           00000005
STANDARD                          (0x00 << 5)
STATUS                            00000FD8
STKFUL                            00000007
MPASM  5.51                      BOOT_ASM.ASM   7-7-2018  17:17:13         PAGE 27


SYMBOL TABLE
  LABEL                             VALUE 

STKPTR                            00000FFC
STKPTR0                           00000000
STKPTR1                           00000001
STKPTR2                           00000002
STKPTR3                           00000003
STKPTR4                           00000004
STKUNF                            00000006
SUSPND                            00000001
SWDTE                             00000000
SWDTEN                            00000000
SYNC                              00000004
SYNCH_FRAME                       .12
T08BIT                            00000006
T0CKI                             00000004
T0CON                             00000FD5
T0CS                              00000005
T0IE                              00000005
T0IF                              00000002
T0IP                              00000002
T0PS0                             00000000
T0PS1                             00000001
T0PS2                             00000002
T0SE                              00000004
T13CKI                            00000000
T1CKPS0                           00000004
T1CKPS1                           00000005
T1CON                             00000FCD
T1OSCEN                           00000003
T1OSI                             00000001
T1OSO                             00000000
T1RUN                             00000006
T1SYNC                            00000002
T2CKPS0                           00000000
T2CKPS1                           00000001
T2CON                             00000FCA
T2OUTPS0                          00000003
T2OUTPS1                          00000004
T2OUTPS2                          00000005
T2OUTPS3                          00000006
T3CCP1                            00000003
T3CCP2                            00000006
T3CKPS0                           00000004
T3CKPS1                           00000005
T3CON                             00000FB1
T3NSYNC                           00000002
T3SYNC                            00000002
TABLAT                            00000FF5
TBLPTR                            00000FF6
TBLPTRH                           00000FF7
TBLPTRL                           00000FF6
TBLPTRU                           00000FF8
TMR0H                             00000FD7
TMR0IE                            00000005
MPASM  5.51                      BOOT_ASM.ASM   7-7-2018  17:17:13         PAGE 28


SYMBOL TABLE
  LABEL                             VALUE 

TMR0IF                            00000002
TMR0IP                            00000002
TMR0L                             00000FD6
TMR0ON                            00000007
TMR1CS                            00000001
TMR1H                             00000FCF
TMR1IE                            00000000
TMR1IF                            00000000
TMR1IP                            00000000
TMR1L                             00000FCE
TMR1ON                            00000000
TMR2                              00000FCC
TMR2IE                            00000001
TMR2IF                            00000001
TMR2IP                            00000001
TMR2ON                            00000002
TMR3CS                            00000001
TMR3H                             00000FB3
TMR3IE                            00000001
TMR3IF                            00000001
TMR3IP                            00000001
TMR3L                             00000FB2
TMR3ON                            00000000
TO                                00000003
TOS                               00000FFD
TOSH                              00000FFE
TOSL                              00000FFD
TOSU                              00000FFF
TRISA                             00000F92
TRISA0                            00000000
TRISA1                            00000001
TRISA2                            00000002
TRISA3                            00000003
TRISA4                            00000004
TRISA5                            00000005
TRISA6                            00000006
TRISB                             00000F93
TRISB0                            00000000
TRISB1                            00000001
TRISB2                            00000002
TRISB3                            00000003
TRISB4                            00000004
TRISB5                            00000005
TRISB6                            00000006
TRISB7                            00000007
TRISC                             00000F94
TRISC0                            00000000
TRISC1                            00000001
TRISC2                            00000002
TRISC6                            00000006
TRISC7                            00000007
TRISD                             00000F95
TRISD0                            00000000
MPASM  5.51                      BOOT_ASM.ASM   7-7-2018  17:17:13         PAGE 29


SYMBOL TABLE
  LABEL                             VALUE 

TRISD1                            00000001
TRISD2                            00000002
TRISD3                            00000003
TRISD4                            00000004
TRISD5                            00000005
TRISD6                            00000006
TRISD7                            00000007
TRISE                             00000F96
TRISE0                            00000000
TRISE1                            00000001
TRISE2                            00000002
TRMT                              00000001
TRNIE                             00000003
TRNIF                             00000003
TUN0                              00000000
TUN1                              00000001
TUN2                              00000002
TUN3                              00000003
TUN4                              00000004
TX                                00000006
TX9                               00000006
TX9D                              00000000
TXEN                              00000005
TXIE                              00000004
TXIF                              00000004
TXIP                              00000004
TXREG                             00000FAD
TXSTA                             00000FAC
UA                                00000001
UADDR                             00000F6E
UART_DEBUG                        0
UCFG                              00000F6F
UCON                              00000F6D
UD_INIT                           
UD_TX                             
UD_TXB                            
UEIE                              00000F6B
UEIR                              00000F6A
UEP0                              00000F70
UEP1                              00000F71
UEP10                             00000F7A
UEP11                             00000F7B
UEP12                             00000F7C
UEP13                             00000F7D
UEP14                             00000F7E
UEP15                             00000F7F
UEP2                              00000F72
UEP3                              00000F73
UEP4                              00000F74
UEP5                              00000F75
UEP6                              00000F76
UEP7                              00000F77
UEP8                              00000F78
MPASM  5.51                      BOOT_ASM.ASM   7-7-2018  17:17:13         PAGE 30


SYMBOL TABLE
  LABEL                             VALUE 

UEP9                              00000F79
UERRIE                            00000001
UERRIF                            00000001
UFRM                              00000F66
UFRMH                             00000F67
UFRML                             00000F66
UIE                               00000F69
UIR                               00000F68
UOEMON                            00000006
UPUEN                             00000004
URSTIE                            00000000
URSTIF                            00000000
USBEN                             00000003
USBIE                             00000005
USBIF                             00000005
USBIP                             00000005
USE_EEPROM_MARK                   1
USTAT                             00000F6C
UTEYE                             00000007
UTRDIS                            00000003
VCFG0                             00000004
VCFG1                             00000005
VDIRMAG                           00000007
VENDOR                            (0x02 << 5)
VER_MAJOR_OFFS                    00000002
VER_MINOR_OFFS                    00000003
VER_SMINOR_OFFS                   00000004
VREFM                             00000002
VREFP                             00000003
W                                 00000000
WCOL                              00000007
WDTCON                            00000FD1
WR                                00000001
WREG                              00000FE8
WREN                              00000002
WRERR                             00000003
WRSPP                             00000006
WS0                               00000000
WS1                               00000001
WS2                               00000002
WS3                               00000003
WUE                               00000001
Z                                 00000002
_BOOT_ASM_CODE_0094               00000094
_BOOT_ASM_CODE_0118               00000118
_BOOT_ASM_CODE_011C               0000011C
_BOOT_ASM_CODE_014E               0000014E
_BORV_0_2L                        000000E7
_BORV_1_2L                        000000EF
_BORV_2_2L                        000000F7
_BORV_3_2L                        000000FF
_BOR_OFF_2L                       000000F9
_BOR_ON_2L                        000000FF
MPASM  5.51                      BOOT_ASM.ASM   7-7-2018  17:17:13         PAGE 31


SYMBOL TABLE
  LABEL                             VALUE 

_BOR_ON_ACTIVE_2L                 000000FD
_BOR_SOFT_2L                      000000FB
_BSTALL                           0x04
_CCP2MX_OFF_3H                    000000FE
_CCP2MX_ON_3H                     000000FF
_CONFIG1H                         00300001
_CONFIG1L                         00300000
_CONFIG2H                         00300003
_CONFIG2L                         00300002
_CONFIG3H                         00300005
_CONFIG4L                         00300006
_CONFIG5H                         00300009
_CONFIG5L                         00300008
_CONFIG6H                         0030000B
_CONFIG6L                         0030000A
_CONFIG7H                         0030000D
_CONFIG7L                         0030000C
_CP0_OFF_5L                       000000FF
_CP0_ON_5L                        000000FE
_CP1_OFF_5L                       000000FF
_CP1_ON_5L                        000000FD
_CP2_OFF_5L                       000000FF
_CP2_ON_5L                        000000FB
_CPB_OFF_5H                       000000FF
_CPB_ON_5H                        000000BF
_CPD_OFF_5H                       000000FF
_CPD_ON_5H                        0000007F
_CPUDIV_OSC1_PLL2_1L              000000E7
_CPUDIV_OSC2_PLL3_1L              000000EF
_CPUDIV_OSC3_PLL4_1L              000000F7
_CPUDIV_OSC4_PLL6_1L              000000FF
_DAT0                             0x00
_DAT1                             0x40
_DEBUG_OFF_4L                     000000FF
_DEBUG_ON_4L                      0000007F
_DEVID1                           003FFFFE
_DEVID2                           003FFFFF
_DTSEN                            0x08
_DTSMASK                          0x40
_EBTR0_OFF_7L                     000000FF
_EBTR0_ON_7L                      000000FE
_EBTR1_OFF_7L                     000000FF
_EBTR1_ON_7L                      000000FD
_EBTR2_OFF_7L                     000000FF
_EBTR2_ON_7L                      000000FB
_EBTRB_OFF_7H                     000000FF
_EBTRB_ON_7H                      000000BF
_FCMEN_OFF_1H                     000000BF
_FCMEN_ON_1H                      000000FF
_FOSC_ECIO_EC_1H                  000000F4
_FOSC_ECPLLIO_EC_1H               000000F6
_FOSC_ECPLL_EC_1H                 000000F7
_FOSC_EC_EC_1H                    000000F5
MPASM  5.51                      BOOT_ASM.ASM   7-7-2018  17:17:13         PAGE 32


SYMBOL TABLE
  LABEL                             VALUE 

_FOSC_HSPLL_HS_1H                 000000FE
_FOSC_HS_1H                       000000FC
_FOSC_INTOSCIO_EC_1H              000000F8
_FOSC_INTOSC_EC_1H                000000F9
_FOSC_INTOSC_HS_1H                000000FB
_FOSC_INTOSC_XT_1H                000000FA
_FOSC_XTPLL_XT_1H                 000000F2
_FOSC_XT_XT_1H                    000000F0
_ICPRT_OFF_4L                     000000DF
_ICPRT_ON_4L                      000000FF
_IDLOC0                           00200000
_IDLOC1                           00200001
_IDLOC2                           00200002
_IDLOC3                           00200003
_IDLOC4                           00200004
_IDLOC5                           00200005
_IDLOC6                           00200006
_IDLOC7                           00200007
_IESO_OFF_1H                      0000007F
_IESO_ON_1H                       000000FF
_INCDIS                           0x10
_KEN                              0x20
_LPT1OSC_OFF_3H                   000000FB
_LPT1OSC_ON_3H                    000000FF
_LVP_OFF_4L                       000000FB
_LVP_ON_4L                        000000FF
_MCLRE_OFF_3H                     0000007F
_MCLRE_ON_3H                      000000FF
_PBADEN_OFF_3H                    000000FD
_PBADEN_ON_3H                     000000FF
_PLLDIV_10_1L                     000000FE
_PLLDIV_12_1L                     000000FF
_PLLDIV_1_1L                      000000F8
_PLLDIV_2_1L                      000000F9
_PLLDIV_3_1L                      000000FA
_PLLDIV_4_1L                      000000FB
_PLLDIV_5_1L                      000000FC
_PLLDIV_6_1L                      000000FD
_PWRT_OFF_2L                      000000FF
_PWRT_ON_2L                       000000FE
_STVREN_OFF_4L                    000000FE
_STVREN_ON_4L                     000000FF
_UCPU                             0x00
_USBDIV_1_1L                      000000DF
_USBDIV_2_1L                      000000FF
_USIE                             0x80
_VREGEN_OFF_2L                    000000DF
_VREGEN_ON_2L                     000000FF
_WDTPS_1024_2H                    000000F5
_WDTPS_128_2H                     000000EF
_WDTPS_16384_2H                   000000FD
_WDTPS_16_2H                      000000E9
_WDTPS_1_2H                       000000E1
MPASM  5.51                      BOOT_ASM.ASM   7-7-2018  17:17:13         PAGE 33


SYMBOL TABLE
  LABEL                             VALUE 

_WDTPS_2048_2H                    000000F7
_WDTPS_256_2H                     000000F1
_WDTPS_2_2H                       000000E3
_WDTPS_32768_2H                   000000FF
_WDTPS_32_2H                      000000EB
_WDTPS_4096_2H                    000000F9
_WDTPS_4_2H                       000000E5
_WDTPS_512_2H                     000000F3
_WDTPS_64_2H                      000000ED
_WDTPS_8192_2H                    000000FB
_WDTPS_8_2H                       000000E7
_WDT_OFF_2H                       000000FE
_WDT_ON_2H                        000000FF
_WRT0_OFF_6L                      000000FF
_WRT0_ON_6L                       000000FE
_WRT1_OFF_6L                      000000FF
_WRT1_ON_6L                       000000FD
_WRT2_OFF_6L                      000000FF
_WRT2_ON_6L                       000000FB
_WRTB_OFF_6H                      000000FF
_WRTB_ON_6H                       000000BF
_WRTC_OFF_6H                      000000FF
_WRTC_ON_6H                       000000DF
_WRTD_OFF_6H                      000000FF
_WRTD_ON_6H                       0000007F
_XINST_OFF_4L                     000000BF
_XINST_ON_4L                      000000FF
__18F4455                         00000001
__DEBUG                           1
bAltID                            2
bAltID_H                          3
bCfgRSD                           3
bCfgValue                         2
bDevADR                           2
bDevADRH                          3
bDscIndex                         2
bDscType                          3
bFeature                          2
bIntfID                           4
bIntfID_H                         5
bRequest                          1
bmRequestType                     0
boot_cmd                          00000000
boot_rep                          00000000
bootloader_soft_reset             0000010A
clr_eep_mark                      00000138
cmd                               0
cmdata                            2
cntr                              00000000
copy_boot_rep                     00000120
copy_boot_rep_loop                0000012C
eep_mark_set                      00000002
eeprom_init                       000000B2
MPASM  5.51                      BOOT_ASM.ASM   7-7-2018  17:17:13         PAGE 34


SYMBOL TABLE
  LABEL                             VALUE 

eeprom_write                      00000170
erase_code                        00000000
erase_code_loop                   00000002
flash_write                       0000016E
get_fw_version                    000000FC
hid_process_cmd                   000000C0
hid_report_in                     00000000
hold_r                            00000001
id                                1
load_address                      0000015C
load_address_size8                00000154
rdwr_id_init                      00000076
rdwr_id_return                    0000005A
read_code                         00000014
read_code_loop                    0000001A
read_eeprom                       0000009E
read_eeprom_loop                  000000A4
read_id                           0000004A
read_id_loop                      00000050
restore_fsr1_fsr2                 00000000
return_hid_process_cmd            000000FA
set_eep_mark                      0000013E
soft_reset                        0000010E
soft_reset2                       00000110
store_fsr1_fsr2                   00000000
unknown_cmd                       000000F6
wIndex                            4
wLangID                           4
wLength                           6
wValue                            2
write_code                        00000028
write_code_loop                   00000034
write_eep_mark                    00000142
write_eeprom                      00000086
write_eeprom_loop                 0000008C
write_id                          0000005E
write_id_loop                     00000068
xtea_decode                       00000000
xtea_encode                       00000000

Errors   :     0
Warnings :     0 reported,     0 suppressed
Messages :     0 reported,     0 suppressed

