MPASM  5.51                      USB_DESC.ASM   7-7-2018  17:17:15         PAGE  1


LOC  OBJECT CODE     LINE SOURCE TEXT
  VALUE

                      00001 ;;;;;;;;;;;;;;;;;;;;;;;;;;;;;;;;;;;;;;;;;;;;;;;;;;;;;;;;;;;;;;;;;;;;;;;;;;;;;;
                      00002 ;;  BootLoader.                                                             ;;
                      00003 ;;  Copyright (C) 2007 Diolan ( http://www.diolan.com )                     ;;
                      00004 ;;                                                                          ;;
                      00005 ;;  This program is free software: you can redistribute it and/or modify    ;;
                      00006 ;;  it under the terms of the GNU General Public License as published by    ;;
                      00007 ;;  the Free Software Foundation, either version 3 of the License, or       ;;
                      00008 ;;  (at your option) any later version.                                     ;;
                      00009 ;;                                                                          ;;
                      00010 ;;  This program is distributed in the hope that it will be useful,         ;;
                      00011 ;;  but WITHOUT ANY WARRANTY; without even the implied warranty of          ;;
                      00012 ;;  MERCHANTABILITY or FITNESS FOR A PARTICULAR PURPOSE.  See the           ;;
                      00013 ;;  GNU General Public License for more details.                            ;;
                      00014 ;;                                                                          ;;
                      00015 ;;  You should have received a copy of the GNU General Public License       ;;
                      00016 ;;  along with this program.  If not, see <http://www.gnu.org/licenses/>    ;;
                      00017 ;;;;;;;;;;;;;;;;;;;;;;;;;;;;;;;;;;;;;;;;;;;;;;;;;;;;;;;;;;;;;;;;;;;;;;;;;;;;;;
                      00018 ; USB Descriptors
                      00019 ;-----------------------------------------------------------------------------
                      00020         #include "P18F4455.INC"
                      00001         LIST
                      00002 
                      00003 ;==========================================================================
                      00004 ;  $Id: P18F4455.INC,v 1.9 2006/10/25 17:47:56 nairnj Exp $
                      00005 ;  MPASM PIC18F4455 processor include
                      00006 ; 
                      00007 ;  (c) Copyright 1999-2006 Microchip Technology, All rights reserved
                      00008 ;==========================================================================
                      00009 
                      01621         LIST
                      00021         #include "boot.inc"
                      00001 ;;;;;;;;;;;;;;;;;;;;;;;;;;;;;;;;;;;;;;;;;;;;;;;;;;;;;;;;;;;;;;;;;;;;;;;;;;;;;;
                      00002 ;;  BootLoader.                                                             ;;
                      00003 ;;  Copyright (C) 2007 Diolan ( http://www.diolan.com )                     ;;
                      00004 ;;                                                                          ;;
                      00005 ;;  This program is free software: you can redistribute it and/or modify    ;;
                      00006 ;;  it under the terms of the GNU General Public License as published by    ;;
                      00007 ;;  the Free Software Foundation, either version 3 of the License, or       ;;
                      00008 ;;  (at your option) any later version.                                     ;;
                      00009 ;;                                                                          ;;
                      00010 ;;  This program is distributed in the hope that it will be useful,         ;;
                      00011 ;;  but WITHOUT ANY WARRANTY; without even the implied warranty of          ;;
                      00012 ;;  MERCHANTABILITY or FITNESS FOR A PARTICULAR PURPOSE.  See the           ;;
                      00013 ;;  GNU General Public License for more details.                            ;;
                      00014 ;;                                                                          ;;
                      00015 ;;  You should have received a copy of the GNU General Public License       ;;
                      00016 ;;  along with this program.  If not, see <http://www.gnu.org/licenses/>    ;;
                      00017 ;;;;;;;;;;;;;;;;;;;;;;;;;;;;;;;;;;;;;;;;;;;;;;;;;;;;;;;;;;;;;;;;;;;;;;;;;;;;;;
                      00018 ; Main definitions
                      00019 ;-----------------------------------------------------------------------------
                      00020 ; Bootloader Version
                      00021 #define FW_VER_MAJOR            0
                      00022 #define FW_VER_MINOR            2
MPASM  5.51                      USB_DESC.ASM   7-7-2018  17:17:15         PAGE  2


LOC  OBJECT CODE     LINE SOURCE TEXT
  VALUE

                      00023 #define FW_VER_SUB_MINOR        2
                      00024 #define FW_VER_CODE             ((FW_VER_MAJOR << 8) | (FW_VER_MINOR << 4) | (FW_VER_SUB_MINOR))
                      00025 ;-----------------------------------------------------------------------------
                      00026 ; Application FW RESET and INTERRUPT VECTORS
                      00027 #define APP_RESET_VECTOR                0x000800
                      00028 #define APP_HIGH_INTERRUPT_VECTOR       0x000808
                      00029 #define APP_LOW_INTERRUPT_VECTOR        0x000818
                      00030 ;-----------------------------------------------------------------------------
                      00031 ; CPU Power & Speed
                      00032 ; If CPU_5V_HS is 1 then CPU run from 48 MHz PLL clock. REQUIRE 5V Power Supply
                      00033 ; If CPU_5V_HS is 0 then CPU run from 16 MHz OSC directly. Possible 3.3V Power Supply
                      00034 #define CPU_5V_HS               1
                      00035 ;-----------------------------------------------------------------------------
                      00036 ; EEPROM Mark to run bootloader
                      00037 #define USE_EEPROM_MARK         1       ; Enable EEPROM MARK. To disable = 0
                      00038 #define EEPROM_MARK_ADDR        0x00    ; EEPROM Address for MARK
                      00039 #define EEPROM_MARK             0x5A    ; MARK value
                      00040 ;-----------------------------------------------------------------------------
                      00041 ; EEPROM and ID encoding by XTEA support
                      00042 #define ENCODE_EEPROM           0       ; Disable EEPROM encoding. To enable = 1
                      00043 #define ENCODE_ID               0       ; Disable ID encoding. To enable = 1
                      00044 ;-----------------------------------------------------------------------------
                      00045 ; Debug messages over UART
                      00046 #define UART_DEBUG      0
                      00047 #if UART_DEBUG
                      00048 UD_INIT macro
                      00049         clrf    TXSTA
                      00050         clrf    RCSTA
                      00051         clrf    BAUDCON
                      00052         bsf     TXSTA, BRGH
                      00053         movlw   ((.48000000 / .16 / .115200) - 1)       ; .25 = 115200
                      00054         movwf   SPBRG
                      00055         bsf     RCSTA, SPEN
                      00056         bsf     TXSTA, TXEN
                      00057         endm
                      00058 UD_TX   macro   BYTE
                      00059         btfss   PIR1, TXIF
                      00060         bra     $ - 2
                      00061         movlw   BYTE
                      00062         movwf   TXREG
                      00063         bcf     PIR1, TXIF
                      00064         endm
                      00065 UD_TXB  macro   BYTE
                      00066         btfss   PIR1, TXIF
                      00067         bra     $ - 2
                      00068         movf    BYTE, W
                      00069         addlw   0x30
                      00070         movwf   TXREG
                      00071         bcf     PIR1, TXIF
                      00072         endm
                      00073 #else
                      00074 UD_INIT macro
                      00075         endm
MPASM  5.51                      USB_DESC.ASM   7-7-2018  17:17:15         PAGE  3


LOC  OBJECT CODE     LINE SOURCE TEXT
  VALUE

                      00076 UD_TX   macro   BYTE
                      00077         endm
                      00078 UD_TXB  macro   BYTE
                      00079         endm
                      00080 #endif ; UART_DEBUG
                      00081 ;-----------------------------------------------------------------------------
                      00022         #include "usb_defs.inc"
                      00001 ;;;;;;;;;;;;;;;;;;;;;;;;;;;;;;;;;;;;;;;;;;;;;;;;;;;;;;;;;;;;;;;;;;;;;;;;;;;;;;
                      00002 ;;  BootLoader.                                                             ;;
                      00003 ;;  Copyright (C) 2007 Diolan ( http://www.diolan.com )                     ;;
                      00004 ;;                                                                          ;;
                      00005 ;;  This program is free software: you can redistribute it and/or modify    ;;
                      00006 ;;  it under the terms of the GNU General Public License as published by    ;;
                      00007 ;;  the Free Software Foundation, either version 3 of the License, or       ;;
                      00008 ;;  (at your option) any later version.                                     ;;
                      00009 ;;                                                                          ;;
                      00010 ;;  This program is distributed in the hope that it will be useful,         ;;
                      00011 ;;  but WITHOUT ANY WARRANTY; without even the implied warranty of          ;;
                      00012 ;;  MERCHANTABILITY or FITNESS FOR A PARTICULAR PURPOSE.  See the           ;;
                      00013 ;;  GNU General Public License for more details.                            ;;
                      00014 ;;                                                                          ;;
                      00015 ;;  You should have received a copy of the GNU General Public License       ;;
                      00016 ;;  along with this program.  If not, see <http://www.gnu.org/licenses/>    ;;
                      00017 ;;;;;;;;;;;;;;;;;;;;;;;;;;;;;;;;;;;;;;;;;;;;;;;;;;;;;;;;;;;;;;;;;;;;;;;;;;;;;;
                      00018 ;-----------------------------------------------------------------------------
                      00019 ; UEPn Initialization Parameters
                      00020 #define EP_CTRL         0x06    ; Cfg Control pipe for this ep
                      00021 #define EP_OUT          0x0C    ; Cfg OUT only pipe for this ep
                      00022 #define EP_IN           0x0A    ; Cfg IN only pipe for this ep
                      00023 #define EP_OUT_IN       0x0E    ; Cfg both OUT & IN pipes for this ep
                      00024 #define HSHK_EN         0x10    ; Enable handshake packet
                      00025 
                      00026 ; Buffer Descriptor Status Register Initialization Parameters
                      00027 #define _BSTALL         0x04    ; Buffer Stall enable
                      00028 #define _DTSEN          0x08    ; Data Toggle Synch enable
                      00029 #define _INCDIS         0x10    ; Address increment disable
                      00030 #define _KEN            0x20    ; SIE keeps buff descriptors enable
                      00031 #define _DAT0           0x00    ; DATA0 packet expected next
                      00032 #define _DAT1           0x40    ; DATA1 packet expected next
                      00033 #define _DTSMASK        0x40    ; DTS Mask
                      00034 #define _USIE           0x80    ; SIE owns buffer
                      00035 #define _UCPU           0x00    ; CPU owns buffer
                      00036 
                      00037 ; USTAT checking constants
                      00038 #define OUT             0
                      00039 #define IN              1
                      00040 #define EP00_OUT        ((0x00 << 3) | (OUT << 2))
                      00041 #define EP00_IN         ((0x00 << 3) | (IN << 2))
                      00042 
                      00043 ; USB PID: Token Types - See chapter 8 in the USB specification
                      00044 #define SETUP_TOKEN     0x34
                      00045 #define OUT_TOKEN       0x04
                      00046 #define IN_TOKEN        0x24
MPASM  5.51                      USB_DESC.ASM   7-7-2018  17:17:15         PAGE  4


LOC  OBJECT CODE     LINE SOURCE TEXT
  VALUE

                      00047 
                      00048 #define EP0_BUFF_SIZE   .64     
                      00049 
                      00050 ; HID
                      00051 #define HID_INTF_ID     0x00
                      00052 #define HID_UEP         UEP1
                      00053 #define HID_BD_OUT      ep1Bo
                      00054 #define HID_OUT_EP_SIZE EP0_BUFF_SIZE
                      00055 #define HID_BD_IN       ep1Bi
                      00056 #define HID_IN_EP_SIZE  .64
                      00057 
                      00058 ; SETUP packet fields
                      00059 
                      00060 #define RQ_TYPE_MASK    (0x03 << 5)
                      00061 #define STANDARD        (0x00 << 5)
                      00062 #define CLASS           (0x01 << 5)
                      00063 #define VENDOR          (0x02 << 5)
                      00064 ; Recipient
                      00065 #define RCPT_MASK       0x1F
                      00066 #define RCPT_DEV        0
                      00067 #define RCPT_INTF       1
                      00068 #define RCPT_EP         2
                      00069 #define RCPT_OTH        3
                      00070 ; Standard Requests
                      00071 #define GET_STATUS      .0
                      00072 #define CLR_FEATURE     .1
                      00073 #define SET_FEATURE     .3
                      00074 #define SET_ADR         .5
                      00075 #define GET_DSC         .6
                      00076 #define SET_DSC         .7
                      00077 #define GET_CFG         .8
                      00078 #define SET_CFG         .9
                      00079 #define GET_INTF        .10
                      00080 #define SET_INTF        .11
                      00081 #define SYNCH_FRAME     .12
                      00082 
                      00083 ; HID Class-Specific Requests
                      00084 #define GET_REPORT      0x01
                      00085 #define GET_IDLE        0x02
                      00086 #define GET_PROTOCOL    0x03
                      00087 #define SET_REPORT      0x09
                      00088 #define SET_IDLE        0x0A
                      00089 #define SET_PROTOCOL    0x0B
                      00090 
                      00091 ; Host-to-device,Device-to-host
                      00092 #define HOST_TO_DEV     0
                      00093 #define DEV_TO_HOST     1
                      00094 ; DEVICE_REMOTE_WAKEUP,ENDPOINT_HALT
                      00095 #define DEVICE_REMOTE_WAKEUP    0x01
                      00096 #define ENDPOINT_HALT           0x00
                      00097 ;-----------------------------------------------------------------------------
                      00098 ; SETUP packet definitions
                      00099 #define bmRequestType   0
MPASM  5.51                      USB_DESC.ASM   7-7-2018  17:17:15         PAGE  5


LOC  OBJECT CODE     LINE SOURCE TEXT
  VALUE

                      00100 #define bRequest        1
                      00101 #define wValue          2
                      00102 #define wIndex          4
                      00103 #define wLength         6
                      00104 
                      00105 #define DataDir         7       ; Bit number - Transaction Direction: 0-OUT, 1-IN
                      00106 
                      00107 #define bDscIndex       2       ; For Configuration and String DSC Only
                      00108 #define bDscType        3       ; Device,Configuration,String
                      00109 #define wLangID         4       ; Language ID
                      00110 
                      00111 #define bDevADR         2       ; Device Address 0-127
                      00112 #define bDevADRH        3       ; Must equal zero
                      00113 
                      00114 #define bCfgValue       2       ; Configuration Value 0-255
                      00115 #define bCfgRSD         3       ; Must equal zero (Reserved)
                      00116 
                      00117 #define Recipient       0       ; Device,Interface,Endpoint,Other
                      00118 
                      00119 #define EPNum           5       ; Endpoint Number 0-15
                      00120 #define EPDir           7       ; Bit number - Endpoint Direction: 0-OUT, 1-IN
                      00121 
                      00122 #define bAltID          2       ; Alternate Setting Value 0-255
                      00123 #define bAltID_H        3       ; Must equal zero
                      00124 #define bIntfID         4       ; Interface Number Value 0-255
                      00125 #define bIntfID_H       5       ; Must equal zero
                      00126 
                      00127 #define bFeature        2       ; DEVICE_REMOTE_WAKEUP, ENDPOINT_HALT
                      00128 ;-----------------------------------------------------------------------------
                      00023         #include "usb_desc.inc"
                      00001 ;;;;;;;;;;;;;;;;;;;;;;;;;;;;;;;;;;;;;;;;;;;;;;;;;;;;;;;;;;;;;;;;;;;;;;;;;;;;;;
                      00002 ;;  BootLoader.                                                             ;;
                      00003 ;;  Copyright (C) 2007 Diolan ( http://www.diolan.com )                     ;;
                      00004 ;;                                                                          ;;
                      00005 ;;  This program is free software: you can redistribute it and/or modify    ;;
                      00006 ;;  it under the terms of the GNU General Public License as published by    ;;
                      00007 ;;  the Free Software Foundation, either version 3 of the License, or       ;;
                      00008 ;;  (at your option) any later version.                                     ;;
                      00009 ;;                                                                          ;;
                      00010 ;;  This program is distributed in the hope that it will be useful,         ;;
                      00011 ;;  but WITHOUT ANY WARRANTY; without even the implied warranty of          ;;
                      00012 ;;  MERCHANTABILITY or FITNESS FOR A PARTICULAR PURPOSE.  See the           ;;
                      00013 ;;  GNU General Public License for more details.                            ;;
                      00014 ;;                                                                          ;;
                      00015 ;;  You should have received a copy of the GNU General Public License       ;;
                      00016 ;;  along with this program.  If not, see <http://www.gnu.org/licenses/>    ;;
                      00017 ;;;;;;;;;;;;;;;;;;;;;;;;;;;;;;;;;;;;;;;;;;;;;;;;;;;;;;;;;;;;;;;;;;;;;;;;;;;;;;
                      00018 ;-----------------------------------------------------------------------------
                      00019 #define USE_PROD_STRING         0       ; 1 - Support for Product string descriptor
                      00020 ;-----------------------------------------------------------------------------
                      00021 #ifndef BOOTLOADER_VID
                      00022 #define BOOTLOADER_VID  0x0000          ; MUST BE VALID Vendor ID
                      00023 #endif
MPASM  5.51                      USB_DESC.ASM   7-7-2018  17:17:15         PAGE  6


LOC  OBJECT CODE     LINE SOURCE TEXT
  VALUE

                      00024 #ifndef BOOTLOADER_PID
                      00025 #define BOOTLOADER_PID  0x0000          ; MUST BE VALID Product ID
                      00026 #endif
                      00027 
                      00028 #define DSC_DEV                 0x01
                      00029 #define DSC_CFG                 0x02
                      00030 #define DSC_STR                 0x03
                      00031 #define DSC_INTF                0x04
                      00032 #define DSC_EP                  0x05
                      00033 
                      00034 #define _DEFAULT                0x01 << 7               ; Default Value (Bit 7 is set)
                      00035 #define _SELF                   0x01 << 6               ; Self-powered (Supports if set)
                      00036 #define _RWU                    0x01 << 5               ; Remote Wakeup (Supports if set)
                      00037 
                      00038 #define HID_INTF                0x03
                      00039 #define NO_SUBCLASS             0x00
                      00040 #define BOOT_INTF_SUBCLASS      0x01
                      00041 
                      00042 #define HID_PROTOCOL_NONE       0x00
                      00043 #define HID_PROTOCOL_KEYBOAD    0x01
                      00044 #define HID_PROTOCOL_MOUSE      0x02
                      00045 
                      00046 #define _EP01_OUT               0x01
                      00047 #define _EP01_IN                0x81
                      00048 
                      00049 #define _CTRL                   0x00
                      00050 #define _ISO                    0x01
                      00051 #define _BULK                   0x02
                      00052 #define _INT                    0x03
                      00053 
                      00054 #define DSC_HID                 0x21
                      00055 #define DSC_RPT                 0x22
                      00056 #define DSC_PHY                 0x23
                      00057 
                      00058 #define HID_NUM_OF_DSC          0x01
                      00059 
                      00060 #define HID_RPT01_SIZE          .23
                      00061 
                      00062 #define CFG_ATTRIBUTES          _DEFAULT
                      00063 ;-----------------------------------------------------------------------------
                      00064 ; Descriptor sizes
                      00065 #define USB_DEV_DESC_SIZE       .18
                      00066 #define USB_CFG_DESC_SIZE       .9
                      00067 #define USB_IF_DESC_SIZE        .9
                      00068 #define USB_HID_DESC_SIZE       .9
                      00069 #define USB_EP_DESC_SIZE        .7
                      00070 #define USB_CFG_TOTAL_SIZE      (USB_CFG_DESC_SIZE + USB_IF_DESC_SIZE + USB_HID_DESC_SIZE + USB_EP_DESC_
                            SIZE)
                      00071 #define USB_LANG_DESC_SIZE      .4
                      00072 #define USB_MFG_DESC_SIZE       .22
                      00073 #if USE_PROD_STRING
                      00074 #define USB_PROD_DESC_SIZE      .22
                      00075 #endif
MPASM  5.51                      USB_DESC.ASM   7-7-2018  17:17:15         PAGE  7


LOC  OBJECT CODE     LINE SOURCE TEXT
  VALUE

                      00076 #define USB_HID_RPT_SIZE        .23
                      00077 ;-----------------------------------------------------------------------------
                      00024 ;-----------------------------------------------------------------------------
                      00025 ; Packed code segment for USB descriptor
                      00026 ; We need to avoid zero padding for descriptors.
                      00027 ; And put descriptors after XTEA_KEY_SECTION.
                      00028 USB_DESCRIPTORS CODE_PACK       0x01C + 0x1C
                      00029 ;-----------------------------------------------------------------------------
  0000                00030         global  USB_DEV_DESC
  0000                00031         global  USB_DEV_DESC_end
  0000                00032         global  USB_CFG_DESC
  0000                00033         global  USB_CFG_DESC_end
  0000                00034         global  USB_IF_DESC
  0000                00035         global  USB_IF_DESC_end
  0000                00036         global  USB_HID_DESC
  0000                00037         global  USB_HID_DESC_end
  0000                00038         global  USB_EP_DESC
  0000                00039         global  USB_EP_DESC_end
  0000                00040         global  USB_HID_RPT
  0000                00041         global  USB_HID_RPT_end
  0000                00042         global  USB_LANG_DESC
  0000                00043         global  USB_LANG_DESC_end
  0000                00044         global  USB_MFG_DESC
  0000                00045         global  USB_MFG_DESC_end
                      00046 #if USE_PROD_STRING
                      00047         global  USB_PROD_DESC
                      00048         global  USB_PROD_DESC_end
                      00049 #endif
                      00050 ;-----------------------------------------------------------------------------
                      00051 ; USB Device Descriptor
000038                00052 USB_DEV_DESC
000038 12             00053 USB_DEV_DESC_bLength            db      (USB_DEV_DESC_end - USB_DEV_DESC)       ; Size
000039 01             00054 USB_DEV_DESC_bDscType           db      DSC_DEV ; Descriptor type = device
00003A 00 02          00055 USB_DEV_DESC_bcdUSB             dw      0x0200  ; USB 2.0 version
00003C 00             00056 USB_DEV_DESC_bDevCls            db      0x00    ; Class. Specified at Interface level
00003D 00             00057 USB_DEV_DESC_bDevSubCls         db      0x00    ; SubClass. Specified at Interface level
00003E 00             00058 USB_DEV_DESC_bDevProtocol       db      0x00    ; Protocol. Specified at Interface level
00003F 40             00059 USB_DEV_DESC_bMaxPktSize0       db      EP0_BUFF_SIZE
000040 00 00          00060 USB_DEV_DESC_idVendor           dw      BOOTLOADER_VID
000042 00 00          00061 USB_DEV_DESC_idProduct          dw      BOOTLOADER_PID
000044 22 00          00062 USB_DEV_DESC_bcdDevice          dw      FW_VER_CODE ; Device release number
000046 01             00063 USB_DEV_DESC_iMfg               db      0x01    ; Manufacturer string index
000047 02             00064 USB_DEV_DESC_iProduct           db      0x02    ; Product string index
000048 00             00065 USB_DEV_DESC_iSerialNum         db      0x00    ; No serial number
000049 01             00066 USB_DEV_DESC_bNumCfg            db      0x01    ; One configuration supported
00004A                00067 USB_DEV_DESC_end
                      00068 ;-----------------------------------------------------------------------------
                      00069 ; Configuration Descriptor
                      00070 ; This descriptor includes Interface and endpoints' descriptors inplace
                      00071 ; Configuration 1 Descriptor
00004A                00072 USB_CFG_DESC
00004A 09             00073 USB_CFG_DESC_bLength            db      (USB_CFG_DESC_end - USB_CFG_DESC) ; Size
00004B 02             00074 USB_CFG_DESC_bDscType           db      DSC_CFG         ; Descriptor type = Configuration
MPASM  5.51                      USB_DESC.ASM   7-7-2018  17:17:15         PAGE  8


LOC  OBJECT CODE     LINE SOURCE TEXT
  VALUE

00004C 22 00          00075 USB_CFG_DESC_wTotalLength       dw      (USB_CFG_DESC_Total_end - USB_CFG_DESC) ; Total length of data f
                            or this configuration
00004E 01             00076 USB_CFG_DESC_bNumIntf           db      1               ; Number of interfaces
00004F 01             00077 USB_CFG_DESC_bCfgValue          db      1               ; Index value of this configuration
000050 00             00078 USB_CFG_DESC_iCfg               db      0               ; Configuration string index
000051 80             00079 USB_CFG_DESC_bmAttributes       db      CFG_ATTRIBUTES  ; Attributes
000052 32             00080 USB_CFG_DESC_bMaxPower          db      .50             ; Max power consumption (2X mA)
000053                00081 USB_CFG_DESC_end
                      00082 ; Interface Descriptor included in configuration
000053                00083 USB_IF_DESC
000053 09             00084 USB_IF_DESC_bLength             db      (USB_IF_DESC_end - USB_IF_DESC) ; Size
000054 04             00085 USB_IF_DESC_bDscType            db      DSC_INTF        ; Descriptor type = Interface
000055 00             00086 USB_IF_DESC_bIntfNum            db      0               ; Interface Number
000056 00             00087 USB_IF_DESC_bAltSetting         db      0               ; Alternate Setting Number
000057 01             00088 USB_IF_DESC_bNumEPs             db      1               ; Number of endpoints
000058 03             00089 USB_IF_DESC_bIntfCls            db      HID_INTF        ; HID Interface Class Code
000059 00             00090 USB_IF_DESC_bIntfSubCls         db      NO_SUBCLASS     ; HID Interface Class SubClass Codes
00005A 00             00091 USB_IF_DESC_bIntfProtocol       db      HID_PROTOCOL_NONE       ; HID Interface Class Protocol Codes
00005B 00             00092 USB_IF_DESC_iIntf               db      0               ; Interface string index
00005C                00093 USB_IF_DESC_end
                      00094 ; HID Class-Specific Descriptor included in configuration
00005C                00095 USB_HID_DESC
00005C 09             00096 USB_HID_DESC_bLength            db      (USB_HID_DESC_end - USB_HID_DESC)       ; Size
00005D 21             00097 USB_HID_DESC_bDscType           db      DSC_HID ; HID descriptor type
00005E 01 01          00098 USB_HID_DESC_bcdHID             dw      0x0101  ; HID Spec Release Number in BCD format
000060 00             00099 USB_HID_DESC_bCountryCode       db      0x00    ; Country Code (0x00 for Not supported)
000061 01             00100 USB_HID_DESC_bNumDsc            db      HID_NUM_OF_DSC  ; Number of class descriptors
000062 22             00101 USB_HID_DESC_HDR_bDscType       db      DSC_RPT ; Report descriptor type
000063 17 00          00102 USB_HID_DESC_wDscLength         dw      (USB_HID_RPT_end - USB_HID_RPT) ; Size of the report descriptor
000065                00103 USB_HID_DESC_end
                      00104 ; Endpoint Descriptors included in configuration
000065                00105 USB_EP_DESC
000065 07             00106 USB_EP_DESC_bLength     db      (USB_EP_DESC_end - USB_EP_DESC) ; Size
000066 05             00107 USB_EP_DESC_bDscType    db      DSC_EP                  ; Descriptor type = Endpoint
000067 81             00108 USB_EP_DESC_bEPAdr      db      _EP01_IN                ; Endpoint Address
000068 03             00109 USB_EP_DESC_bmAttributes        db      _INT                    ; Endpoint type
000069 40 00          00110 USB_EP_DESC_wMaxPktSize dw      HID_IN_EP_SIZE          ; Endpoint size
00006B 01             00111 USB_EP_DESC_bInterval   db      0x01                    ; Pool interval
00006C                00112 USB_EP_DESC_end
00006C                00113 USB_CFG_DESC_Total_end
                      00114 ;-----------------------------------------------------------------------------
                      00115 ; Report descriptor
00006C                00116 USB_HID_RPT
00006C 05 0C          00117         db      0x05, 0x0C              ; Usage Page (Consumer devices)
00006E 09 00          00118         db      0x09, 0x00              ; Usage (unassigned)
000070 A1 02          00119         db      0xA1, 0x02              ; Collection (datalink)
000072 09 00          00120         db      0x09, 0x00              ; Usage (unassigned)
000074 95 40          00121         db      0x95, HID_IN_EP_SIZE    ; report count 8
000076 75 08          00122         db      0x75, 0x08              ; report size 8
000078 81 00          00123         db      0x81, 0x00              ; input
00007A 09 00          00124         db      0x09, 0x00              ; Usage (unassigned)
00007C 95 40          00125         db      0x95, HID_OUT_EP_SIZE   ; report count 8
00007E 75 08          00126         db      0x75, 0x08              ; report size 8
MPASM  5.51                      USB_DESC.ASM   7-7-2018  17:17:15         PAGE  9


LOC  OBJECT CODE     LINE SOURCE TEXT
  VALUE

000080 91 00          00127         db      0x91, 0x00              ; output
000082 C0             00128         db      0xC0                    ; End Collection
000083                00129 USB_HID_RPT_end
                      00130 ;-----------------------------------------------------------------------------
                      00131 ; String descriptors language ID Descriptor
000083                00132 USB_LANG_DESC
000083 04             00133 USB_LANG_DESC_bLength   db      (USB_LANG_DESC_end - USB_LANG_DESC)     ; Size
000084 03             00134 USB_LANG_DESC_bDscType  db      DSC_STR ; Descriptor type = string
000085 09 04          00135 USB_LANG_DESC_string    dw      0x0409  ; Language ID = EN_US
000087                00136 USB_LANG_DESC_end
                      00137 ;-----------------------------------------------------------------------------
                      00138 ; Manufacturer string Descriptor
000087                00139 USB_MFG_DESC
000087 0E             00140 USB_MFG_DESC_bLength    db      (USB_MFG_DESC_end - USB_MFG_DESC)       ; Size
000088 03             00141 USB_MFG_DESC_bDscType   db      DSC_STR ; Descriptor type = string
000089 44 00 69 00 6F 00142                         dw      'D','i','o','l','a','n';,'.','c','o','m'
       00 6C 00 61 00 
       6E 00 
000095                00143 USB_MFG_DESC_end
                      00144 ;-----------------------------------------------------------------------------
                      00145 ; Product string Descriptor
                      00146 #if USE_PROD_STRING
                      00147 USB_PROD_DESC
                      00148 USB_PROD_DESC_bLength   db      (USB_PROD_DESC_end - USB_PROD_DESC)     ; Size
                      00149 USB_PROD_DESC_bDscType  db      DSC_STR ; Descriptor type = string
                      00150                         dw      'B','o','o','t','L','o','a','d','e','r'
                      00151 USB_PROD_DESC_end
                      00152 #endif
                      00153 ;-----------------------------------------------------------------------------
000095                00154 USB_DESC_END_SECTION
                      00155 ;-----------------------------------------------------------------------------
                      00156         END
MPASM  5.51                      USB_DESC.ASM   7-7-2018  17:17:15         PAGE 10


SYMBOL TABLE
  LABEL                             VALUE 

A                                 00000000
ABDEN                             00000000
ABDOVF                            00000007
ACCESS                            00000000
ACKDT                             00000005
ACKEN                             00000004
ACKSTAT                           00000006
ACQT0                             00000003
ACQT1                             00000004
ACQT2                             00000005
ACTVIE                            00000002
ACTVIF                            00000002
ADCON0                            00000FC2
ADCON1                            00000FC1
ADCON2                            00000FC0
ADCS0                             00000000
ADCS1                             00000001
ADCS2                             00000002
ADDEN                             00000003
ADDR0                             00000000
ADDR1                             00000001
ADDR2                             00000002
ADDR3                             00000003
ADDR4                             00000004
ADDR5                             00000005
ADDR6                             00000006
ADEN                              00000003
ADFM                              00000007
ADIE                              00000006
ADIF                              00000006
ADIP                              00000006
ADON                              00000000
ADRES                             00000FC3
ADRESH                            00000FC4
ADRESL                            00000FC3
AN0                               00000000
AN1                               00000001
AN2                               00000002
AN3                               00000003
AN4                               00000005
APP_HIGH_INTERRUPT_VECTOR         0x000808
APP_LOW_INTERRUPT_VECTOR          0x000818
APP_RESET_VECTOR                  0x000800
BANKED                            00000001
BAUDCON                           00000FB8
BCLIE                             00000003
BCLIF                             00000003
BCLIP                             00000003
BF                                00000000
BGST                              00000005
BOOTLOADER_PID                    0x0000
BOOTLOADER_VID                    0x0000
BOOT_INTF_SUBCLASS                0x01
MPASM  5.51                      USB_DESC.ASM   7-7-2018  17:17:15         PAGE 11


SYMBOL TABLE
  LABEL                             VALUE 

BOR                               00000000
BRG16                             00000003
BRGH                              00000002
BSR                               00000FE0
BTOEE                             00000004
BTOEF                             00000004
BTSEE                             00000007
BTSEF                             00000007
C                                 00000000
C1INV                             00000004
C1OUT                             00000006
C2INV                             00000005
C2OUT                             00000007
CCP1                              00000002
CCP1AS                            00000FB6
CCP1CON                           00000FBD
CCP1DEL                           00000FB7
CCP1IE                            00000002
CCP1IF                            00000002
CCP1IP                            00000002
CCP1M0                            00000000
CCP1M1                            00000001
CCP1M2                            00000002
CCP1M3                            00000003
CCP2CON                           00000FBA
CCP2IE                            00000000
CCP2IF                            00000000
CCP2IP                            00000000
CCP2M0                            00000000
CCP2M1                            00000001
CCP2M2                            00000002
CCP2M3                            00000003
CCPR1                             00000FBE
CCPR1H                            00000FBF
CCPR1L                            00000FBE
CCPR2                             00000FBB
CCPR2H                            00000FBC
CCPR2L                            00000FBB
CFGS                              00000006
CFG_ATTRIBUTES                    _DEFAULT
CHS0                              00000002
CHS1                              00000003
CHS2                              00000004
CHS3                              00000005
CIS                               00000003
CK                                00000006
CK1SPP                            00000000
CK2SPP                            00000001
CKE                               00000006
CKP                               00000004
CLASS                             (0x01 << 5)
CLK1EN                            00000004
CLKCFG0                           00000006
MPASM  5.51                      USB_DESC.ASM   7-7-2018  17:17:15         PAGE 12


SYMBOL TABLE
  LABEL                             VALUE 

CLKCFG1                           00000007
CLR_FEATURE                       .1
CM0                               00000000
CM1                               00000001
CM2                               00000002
CMCON                             00000FB4
CMIE                              00000006
CMIF                              00000006
CMIP                              00000006
CPU_5V_HS                         1
CRC16EE                           00000002
CRC16EF                           00000002
CRC5EE                            00000001
CRC5EF                            00000001
CREN                              00000004
CSEN                              00000005
CSRC                              00000007
CVR0                              00000000
CVR1                              00000001
CVR2                              00000002
CVR3                              00000003
CVRCON                            00000FB5
CVREF                             00000004
CVREN                             00000007
CVROE                             00000006
CVRR                              00000005
CVRSS                             00000004
D                                 00000005
DATA_ADDRESS                      00000005
DC                                00000001
DC1B0                             00000004
DC1B1                             00000005
DC2B0                             00000004
DC2B1                             00000005
DDRA                              TRISA
DDRB                              TRISB
DDRC                              TRISC
DDRD                              TRISD
DDRE                              TRISE
DEVICE_REMOTE_WAKEUP              0x01
DEV_TO_HOST                       1
DFN8EE                            00000003
DFN8EF                            00000003
DIR                               00000002
DONE                              00000001
DSC_CFG                           0x02
DSC_DEV                           0x01
DSC_EP                            0x05
DSC_HID                           0x21
DSC_INTF                          0x04
DSC_PHY                           0x23
DSC_RPT                           0x22
DSC_STR                           0x03
MPASM  5.51                      USB_DESC.ASM   7-7-2018  17:17:15         PAGE 13


SYMBOL TABLE
  LABEL                             VALUE 

D_A                               00000005
DataDir                           7
ECCP1AS                           00000FB6
ECCP1CON                          00000FBD
ECCP1DEL                          00000FB7
ECCPAS0                           00000004
ECCPAS1                           00000005
ECCPAS2                           00000006
ECCPASE                           00000007
EEADR                             00000FA9
EECON1                            00000FA6
EECON2                            00000FA7
EEDATA                            00000FA8
EEIE                              00000004
EEIF                              00000004
EEIP                              00000004
EEPGD                             00000007
EEPROM_MARK                       0x5A
EEPROM_MARK_ADDR                  0x00
ENCODE_EEPROM                     0
ENCODE_ID                         0
ENDP0                             00000003
ENDP1                             00000004
ENDP2                             00000005
ENDP3                             00000006
ENDPOINT_HALT                     0x00
EP00_IN                           ((0x00 << 3) | (IN << 2))
EP00_OUT                          ((0x00 << 3) | (OUT << 2))
EP0_BUFF_SIZE                     .64
EPCONDIS                          00000003
EPDir                             7
EPHSHK                            00000004
EPINEN                            00000001
EPNum                             5
EPOUTEN                           00000002
EPSTALL                           00000000
EP_CTRL                           0x06
EP_IN                             0x0A
EP_OUT                            0x0C
EP_OUT_IN                         0x0E
FAST                              00000001
FERR                              00000002
FLTS                              00000002
FREE                              00000004
FRM0                              00000000
FRM1                              00000001
FRM10                             00000002
FRM2                              00000002
FRM3                              00000003
FRM4                              00000004
FRM5                              00000005
FRM6                              00000006
FRM7                              00000007
MPASM  5.51                      USB_DESC.ASM   7-7-2018  17:17:15         PAGE 14


SYMBOL TABLE
  LABEL                             VALUE 

FRM8                              00000000
FRM9                              00000001
FSEN                              00000002
FSR0                              00000000
FSR0H                             00000FEA
FSR0L                             00000FE9
FSR1                              00000001
FSR1H                             00000FE2
FSR1L                             00000FE1
FSR2                              00000002
FSR2H                             00000FDA
FSR2L                             00000FD9
FW_VER_CODE                       ((FW_VER_MAJOR << 8) | (FW_VER_MINOR << 4) | (FW_VER_SUB_MINOR))
FW_VER_MAJOR                      0
FW_VER_MINOR                      2
FW_VER_SUB_MINOR                  2
GCEN                              00000007
GET_CFG                           .8
GET_DSC                           .6
GET_IDLE                          0x02
GET_INTF                          .10
GET_PROTOCOL                      0x03
GET_REPORT                        0x01
GET_STATUS                        .0
GIE                               00000007
GIEH                              00000007
GIEL                              00000006
GO                                00000001
GO_DONE                           00000001
HID_BD_IN                         ep1Bi
HID_BD_OUT                        ep1Bo
HID_INTF                          0x03
HID_INTF_ID                       0x00
HID_IN_EP_SIZE                    .64
HID_NUM_OF_DSC                    0x01
HID_OUT_EP_SIZE                   EP0_BUFF_SIZE
HID_PROTOCOL_KEYBOAD              0x01
HID_PROTOCOL_MOUSE                0x02
HID_PROTOCOL_NONE                 0x00
HID_RPT01_SIZE                    .23
HID_UEP                           UEP1
HLVDCON                           00000FD2
HLVDEN                            00000004
HLVDIE                            00000002
HLVDIF                            00000002
HLVDIN                            00000005
HLVDIP                            00000002
HLVDL0                            00000000
HLVDL1                            00000001
HLVDL2                            00000002
HLVDL3                            00000003
HOST_TO_DEV                       0
HSHK_EN                           0x10
MPASM  5.51                      USB_DESC.ASM   7-7-2018  17:17:15         PAGE 15


SYMBOL TABLE
  LABEL                             VALUE 

I2C_DAT                           00000005
I2C_READ                          00000002
I2C_START                         00000003
I2C_STOP                          00000004
IDLEIE                            00000004
IDLEIF                            00000004
IDLEN                             00000007
IN                                1
INDF0                             00000FEF
INDF1                             00000FE7
INDF2                             00000FDF
INT0                              00000000
INT0E                             00000004
INT0F                             00000001
INT0IE                            00000004
INT0IF                            00000001
INT1                              00000001
INT1E                             00000003
INT1F                             00000000
INT1IE                            00000003
INT1IF                            00000000
INT1IP                            00000006
INT1P                             00000006
INT2                              00000002
INT2E                             00000004
INT2F                             00000001
INT2IE                            00000004
INT2IF                            00000001
INT2IP                            00000007
INT2P                             00000007
INTCON                            00000FF2
INTCON2                           00000FF1
INTCON3                           00000FF0
INTEDG0                           00000006
INTEDG1                           00000005
INTEDG2                           00000004
INTSRC                            00000007
IN_TOKEN                          0x24
IOFS                              00000002
IPEN                              00000007
IPR1                              00000F9F
IPR2                              00000FA2
IRCF0                             00000004
IRCF1                             00000005
IRCF2                             00000006
IRVST                             00000005
IVRST                             00000005
LATA                              00000F89
LATA0                             00000000
LATA1                             00000001
LATA2                             00000002
LATA3                             00000003
LATA4                             00000004
MPASM  5.51                      USB_DESC.ASM   7-7-2018  17:17:15         PAGE 16


SYMBOL TABLE
  LABEL                             VALUE 

LATA5                             00000005
LATA6                             00000006
LATB                              00000F8A
LATB0                             00000000
LATB1                             00000001
LATB2                             00000002
LATB3                             00000003
LATB4                             00000004
LATB5                             00000005
LATB6                             00000006
LATB7                             00000007
LATC                              00000F8B
LATC0                             00000000
LATC1                             00000001
LATC2                             00000002
LATC6                             00000006
LATC7                             00000007
LATD                              00000F8C
LATD0                             00000000
LATD1                             00000001
LATD2                             00000002
LATD3                             00000003
LATD4                             00000004
LATD5                             00000005
LATD6                             00000006
LATD7                             00000007
LATE                              00000F8D
LATE0                             00000000
LATE1                             00000001
LATE2                             00000002
LVDCON                            00000FD2
LVDEN                             00000004
LVDIE                             00000002
LVDIF                             00000002
LVDIN                             00000005
LVDIP                             00000002
LVDL0                             00000000
LVDL1                             00000001
LVDL2                             00000002
LVDL3                             00000003
LVV0                              00000000
LVV1                              00000001
LVV2                              00000002
LVV3                              00000003
N                                 00000004
NOT_A                             00000005
NOT_ADDRESS                       00000005
NOT_BOR                           00000000
NOT_DONE                          00000001
NOT_IPEN                          00000007
NOT_PD                            00000002
NOT_POR                           00000001
NOT_RBPU                          00000007
MPASM  5.51                      USB_DESC.ASM   7-7-2018  17:17:15         PAGE 17


SYMBOL TABLE
  LABEL                             VALUE 

NOT_RI                            00000004
NOT_T1SYNC                        00000002
NOT_T3SYNC                        00000002
NOT_TO                            00000003
NOT_W                             00000002
NOT_WRITE                         00000002
NO_SUBCLASS                       0x00
OERR                              00000001
OESPP                             00000002
OSC2                              00000006
OSCCON                            00000FD3
OSCFIE                            00000007
OSCFIF                            00000007
OSCFIP                            00000007
OSCTUNE                           00000F9B
OSTS                              00000003
OUT                               0
OUT_TOKEN                         0x04
OV                                00000003
P                                 00000004
P1A                               00000002
P1M0                              00000006
P1M1                              00000007
PC                                00000FF9
PCFG0                             00000000
PCFG1                             00000001
PCFG2                             00000002
PCFG3                             00000003
PCL                               00000FF9
PCLATH                            00000FFA
PCLATU                            00000FFB
PD                                00000002
PDC0                              00000000
PDC1                              00000001
PDC2                              00000002
PDC3                              00000003
PDC4                              00000004
PDC5                              00000005
PDC6                              00000006
PEIE                              00000006
PEN                               00000002
PGC                               00000006
PGD                               00000007
PGM                               00000005
PIDEE                             00000000
PIDEF                             00000000
PIE1                              00000F9D
PIE2                              00000FA0
PIR1                              00000F9E
PIR2                              00000FA1
PKTDIS                            00000004
PLUSW0                            00000FEB
PLUSW1                            00000FE3
MPASM  5.51                      USB_DESC.ASM   7-7-2018  17:17:15         PAGE 18


SYMBOL TABLE
  LABEL                             VALUE 

PLUSW2                            00000FDB
POR                               00000001
PORTA                             00000F80
PORTB                             00000F81
PORTC                             00000F82
PORTD                             00000F83
PORTE                             00000F84
POSTDEC0                          00000FED
POSTDEC1                          00000FE5
POSTDEC2                          00000FDD
POSTINC0                          00000FEE
POSTINC1                          00000FE6
POSTINC2                          00000FDE
PPB0                              00000000
PPB1                              00000001
PPBI                              00000001
PPBRST                            00000006
PR2                               00000FCB
PREINC0                           00000FEC
PREINC1                           00000FE4
PREINC2                           00000FDC
PROD                              00000FF3
PRODH                             00000FF4
PRODL                             00000FF3
PRSEN                             00000007
PSA                               00000003
PSSAC0                            00000002
PSSAC1                            00000003
PSSBD0                            00000000
PSSBD1                            00000001
R                                 00000002
RA0                               00000000
RA1                               00000001
RA2                               00000002
RA3                               00000003
RA4                               00000004
RA5                               00000005
RA6                               00000006
RB0                               00000000
RB1                               00000001
RB2                               00000002
RB3                               00000003
RB4                               00000004
RB5                               00000005
RB6                               00000006
RB7                               00000007
RBIE                              00000003
RBIF                              00000000
RBIP                              00000000
RBPU                              00000007
RC0                               00000000
RC1                               00000001
RC2                               00000002
MPASM  5.51                      USB_DESC.ASM   7-7-2018  17:17:15         PAGE 19


SYMBOL TABLE
  LABEL                             VALUE 

RC4                               00000004
RC5                               00000005
RC6                               00000006
RC7                               00000007
RCEN                              00000003
RCIDL                             00000006
RCIE                              00000005
RCIF                              00000005
RCIP                              00000005
RCMT                              00000006
RCON                              00000FD0
RCPT_DEV                          0
RCPT_EP                           2
RCPT_INTF                         1
RCPT_MASK                         0x1F
RCPT_OTH                          3
RCREG                             00000FAE
RCSTA                             00000FAB
RD                                00000000
RD0                               00000000
RD1                               00000001
RD16                              00000007
RD2                               00000002
RD3                               00000003
RD4                               00000004
RD5                               00000005
RD6                               00000006
RD7                               00000007
RDPU                              00000007
RDSPP                             00000007
RE0                               00000000
RE1                               00000001
RE2                               00000002
RE3                               00000003
READ_WRITE                        00000002
RESUME                            00000002
RI                                00000004
RQ_TYPE_MASK                      (0x03 << 5)
RSEN                              00000001
RX                                00000007
RX9                               00000006
RX9D                              00000000
R_W                               00000002
Recipient                         0
S                                 00000003
SBOREN                            00000006
SCKP                              00000004
SCS0                              00000000
SCS1                              00000001
SE0                               00000005
SEN                               00000000
SENDB                             00000003
SETUP_TOKEN                       0x34
MPASM  5.51                      USB_DESC.ASM   7-7-2018  17:17:15         PAGE 20


SYMBOL TABLE
  LABEL                             VALUE 

SET_ADR                           .5
SET_CFG                           .9
SET_DSC                           .7
SET_FEATURE                       .3
SET_IDLE                          0x0A
SET_INTF                          .11
SET_PROTOCOL                      0x0B
SET_REPORT                        0x09
SMP                               00000007
SOFIE                             00000006
SOFIF                             00000006
SPBRG                             00000FAF
SPBRGH                            00000FB0
SPEN                              00000007
SPP0                              00000000
SPP1                              00000001
SPP2                              00000002
SPP3                              00000003
SPP4                              00000004
SPP5                              00000005
SPP6                              00000006
SPP7                              00000007
SPPBUSY                           00000004
SPPCFG                            00000F63
SPPCON                            00000F65
SPPDATA                           00000F62
SPPEN                             00000000
SPPEPS                            00000F64
SPPIE                             00000007
SPPIF                             00000007
SPPIP                             00000007
SPPOWN                            00000001
SREN                              00000005
SSPADD                            00000FC8
SSPBUF                            00000FC9
SSPCON1                           00000FC6
SSPCON2                           00000FC5
SSPEN                             00000005
SSPIE                             00000003
SSPIF                             00000003
SSPIP                             00000003
SSPM0                             00000000
SSPM1                             00000001
SSPM2                             00000002
SSPM3                             00000003
SSPOV                             00000006
SSPSTAT                           00000FC7
STALLIE                           00000005
STALLIF                           00000005
STANDARD                          (0x00 << 5)
STATUS                            00000FD8
STKFUL                            00000007
STKPTR                            00000FFC
MPASM  5.51                      USB_DESC.ASM   7-7-2018  17:17:15         PAGE 21


SYMBOL TABLE
  LABEL                             VALUE 

STKPTR0                           00000000
STKPTR1                           00000001
STKPTR2                           00000002
STKPTR3                           00000003
STKPTR4                           00000004
STKUNF                            00000006
SUSPND                            00000001
SWDTE                             00000000
SWDTEN                            00000000
SYNC                              00000004
SYNCH_FRAME                       .12
T08BIT                            00000006
T0CKI                             00000004
T0CON                             00000FD5
T0CS                              00000005
T0IE                              00000005
T0IF                              00000002
T0IP                              00000002
T0PS0                             00000000
T0PS1                             00000001
T0PS2                             00000002
T0SE                              00000004
T13CKI                            00000000
T1CKPS0                           00000004
T1CKPS1                           00000005
T1CON                             00000FCD
T1OSCEN                           00000003
T1OSI                             00000001
T1OSO                             00000000
T1RUN                             00000006
T1SYNC                            00000002
T2CKPS0                           00000000
T2CKPS1                           00000001
T2CON                             00000FCA
T2OUTPS0                          00000003
T2OUTPS1                          00000004
T2OUTPS2                          00000005
T2OUTPS3                          00000006
T3CCP1                            00000003
T3CCP2                            00000006
T3CKPS0                           00000004
T3CKPS1                           00000005
T3CON                             00000FB1
T3NSYNC                           00000002
T3SYNC                            00000002
TABLAT                            00000FF5
TBLPTR                            00000FF6
TBLPTRH                           00000FF7
TBLPTRL                           00000FF6
TBLPTRU                           00000FF8
TMR0H                             00000FD7
TMR0IE                            00000005
TMR0IF                            00000002
MPASM  5.51                      USB_DESC.ASM   7-7-2018  17:17:15         PAGE 22


SYMBOL TABLE
  LABEL                             VALUE 

TMR0IP                            00000002
TMR0L                             00000FD6
TMR0ON                            00000007
TMR1CS                            00000001
TMR1H                             00000FCF
TMR1IE                            00000000
TMR1IF                            00000000
TMR1IP                            00000000
TMR1L                             00000FCE
TMR1ON                            00000000
TMR2                              00000FCC
TMR2IE                            00000001
TMR2IF                            00000001
TMR2IP                            00000001
TMR2ON                            00000002
TMR3CS                            00000001
TMR3H                             00000FB3
TMR3IE                            00000001
TMR3IF                            00000001
TMR3IP                            00000001
TMR3L                             00000FB2
TMR3ON                            00000000
TO                                00000003
TOS                               00000FFD
TOSH                              00000FFE
TOSL                              00000FFD
TOSU                              00000FFF
TRISA                             00000F92
TRISA0                            00000000
TRISA1                            00000001
TRISA2                            00000002
TRISA3                            00000003
TRISA4                            00000004
TRISA5                            00000005
TRISA6                            00000006
TRISB                             00000F93
TRISB0                            00000000
TRISB1                            00000001
TRISB2                            00000002
TRISB3                            00000003
TRISB4                            00000004
TRISB5                            00000005
TRISB6                            00000006
TRISB7                            00000007
TRISC                             00000F94
TRISC0                            00000000
TRISC1                            00000001
TRISC2                            00000002
TRISC6                            00000006
TRISC7                            00000007
TRISD                             00000F95
TRISD0                            00000000
TRISD1                            00000001
MPASM  5.51                      USB_DESC.ASM   7-7-2018  17:17:15         PAGE 23


SYMBOL TABLE
  LABEL                             VALUE 

TRISD2                            00000002
TRISD3                            00000003
TRISD4                            00000004
TRISD5                            00000005
TRISD6                            00000006
TRISD7                            00000007
TRISE                             00000F96
TRISE0                            00000000
TRISE1                            00000001
TRISE2                            00000002
TRMT                              00000001
TRNIE                             00000003
TRNIF                             00000003
TUN0                              00000000
TUN1                              00000001
TUN2                              00000002
TUN3                              00000003
TUN4                              00000004
TX                                00000006
TX9                               00000006
TX9D                              00000000
TXEN                              00000005
TXIE                              00000004
TXIF                              00000004
TXIP                              00000004
TXREG                             00000FAD
TXSTA                             00000FAC
UA                                00000001
UADDR                             00000F6E
UART_DEBUG                        0
UCFG                              00000F6F
UCON                              00000F6D
UD_INIT                           
UD_TX                             
UD_TXB                            
UEIE                              00000F6B
UEIR                              00000F6A
UEP0                              00000F70
UEP1                              00000F71
UEP10                             00000F7A
UEP11                             00000F7B
UEP12                             00000F7C
UEP13                             00000F7D
UEP14                             00000F7E
UEP15                             00000F7F
UEP2                              00000F72
UEP3                              00000F73
UEP4                              00000F74
UEP5                              00000F75
UEP6                              00000F76
UEP7                              00000F77
UEP8                              00000F78
UEP9                              00000F79
MPASM  5.51                      USB_DESC.ASM   7-7-2018  17:17:15         PAGE 24


SYMBOL TABLE
  LABEL                             VALUE 

UERRIE                            00000001
UERRIF                            00000001
UFRM                              00000F66
UFRMH                             00000F67
UFRML                             00000F66
UIE                               00000F69
UIR                               00000F68
UOEMON                            00000006
UPUEN                             00000004
URSTIE                            00000000
URSTIF                            00000000
USBEN                             00000003
USBIE                             00000005
USBIF                             00000005
USBIP                             00000005
USB_CFG_DESC                      0000004A
USB_CFG_DESC_SIZE                 .9
USB_CFG_DESC_Total_end            0000006C
USB_CFG_DESC_bCfgValue            0000004F
USB_CFG_DESC_bDscType             0000004B
USB_CFG_DESC_bLength              0000004A
USB_CFG_DESC_bMaxPower            00000052
USB_CFG_DESC_bNumIntf             0000004E
USB_CFG_DESC_bmAttributes         00000051
USB_CFG_DESC_end                  00000053
USB_CFG_DESC_iCfg                 00000050
USB_CFG_DESC_wTotalLength         0000004C
USB_CFG_TOTAL_SIZE                (USB_CFG_DESC_SIZE + USB_IF_DESC_SIZE + USB_HID_DESC_SIZE + USB_EP_DESC_SIZE)
USB_DESC_END_SECTION              00000095
USB_DEV_DESC                      00000038
USB_DEV_DESC_SIZE                 .18
USB_DEV_DESC_bDevCls              0000003C
USB_DEV_DESC_bDevProtocol         0000003E
USB_DEV_DESC_bDevSubCls           0000003D
USB_DEV_DESC_bDscType             00000039
USB_DEV_DESC_bLength              00000038
USB_DEV_DESC_bMaxPktSize0         0000003F
USB_DEV_DESC_bNumCfg              00000049
USB_DEV_DESC_bcdDevice            00000044
USB_DEV_DESC_bcdUSB               0000003A
USB_DEV_DESC_end                  0000004A
USB_DEV_DESC_iMfg                 00000046
USB_DEV_DESC_iProduct             00000047
USB_DEV_DESC_iSerialNum           00000048
USB_DEV_DESC_idProduct            00000042
USB_DEV_DESC_idVendor             00000040
USB_EP_DESC                       00000065
USB_EP_DESC_SIZE                  .7
USB_EP_DESC_bDscType              00000066
USB_EP_DESC_bEPAdr                00000067
USB_EP_DESC_bInterval             0000006B
USB_EP_DESC_bLength               00000065
USB_EP_DESC_bmAttributes          00000068
MPASM  5.51                      USB_DESC.ASM   7-7-2018  17:17:15         PAGE 25


SYMBOL TABLE
  LABEL                             VALUE 

USB_EP_DESC_end                   0000006C
USB_EP_DESC_wMaxPktSize           00000069
USB_HID_DESC                      0000005C
USB_HID_DESC_HDR_bDscType         00000062
USB_HID_DESC_SIZE                 .9
USB_HID_DESC_bCountryCode         00000060
USB_HID_DESC_bDscType             0000005D
USB_HID_DESC_bLength              0000005C
USB_HID_DESC_bNumDsc              00000061
USB_HID_DESC_bcdHID               0000005E
USB_HID_DESC_end                  00000065
USB_HID_DESC_wDscLength           00000063
USB_HID_RPT                       0000006C
USB_HID_RPT_SIZE                  .23
USB_HID_RPT_end                   00000083
USB_IF_DESC                       00000053
USB_IF_DESC_SIZE                  .9
USB_IF_DESC_bAltSetting           00000056
USB_IF_DESC_bDscType              00000054
USB_IF_DESC_bIntfCls              00000058
USB_IF_DESC_bIntfNum              00000055
USB_IF_DESC_bIntfProtocol         0000005A
USB_IF_DESC_bIntfSubCls           00000059
USB_IF_DESC_bLength               00000053
USB_IF_DESC_bNumEPs               00000057
USB_IF_DESC_end                   0000005C
USB_IF_DESC_iIntf                 0000005B
USB_LANG_DESC                     00000083
USB_LANG_DESC_SIZE                .4
USB_LANG_DESC_bDscType            00000084
USB_LANG_DESC_bLength             00000083
USB_LANG_DESC_end                 00000087
USB_LANG_DESC_string              00000085
USB_MFG_DESC                      00000087
USB_MFG_DESC_SIZE                 .22
USB_MFG_DESC_bDscType             00000088
USB_MFG_DESC_bLength              00000087
USB_MFG_DESC_end                  00000095
USE_EEPROM_MARK                   1
USE_PROD_STRING                   0
USTAT                             00000F6C
UTEYE                             00000007
UTRDIS                            00000003
VCFG0                             00000004
VCFG1                             00000005
VDIRMAG                           00000007
VENDOR                            (0x02 << 5)
VREFM                             00000002
VREFP                             00000003
W                                 00000000
WCOL                              00000007
WDTCON                            00000FD1
WR                                00000001
MPASM  5.51                      USB_DESC.ASM   7-7-2018  17:17:15         PAGE 26


SYMBOL TABLE
  LABEL                             VALUE 

WREG                              00000FE8
WREN                              00000002
WRERR                             00000003
WRSPP                             00000006
WS0                               00000000
WS1                               00000001
WS2                               00000002
WS3                               00000003
WUE                               00000001
Z                                 00000002
_BORV_0_2L                        000000E7
_BORV_1_2L                        000000EF
_BORV_2_2L                        000000F7
_BORV_3_2L                        000000FF
_BOR_OFF_2L                       000000F9
_BOR_ON_2L                        000000FF
_BOR_ON_ACTIVE_2L                 000000FD
_BOR_SOFT_2L                      000000FB
_BSTALL                           0x04
_BULK                             0x02
_CCP2MX_OFF_3H                    000000FE
_CCP2MX_ON_3H                     000000FF
_CONFIG1H                         00300001
_CONFIG1L                         00300000
_CONFIG2H                         00300003
_CONFIG2L                         00300002
_CONFIG3H                         00300005
_CONFIG4L                         00300006
_CONFIG5H                         00300009
_CONFIG5L                         00300008
_CONFIG6H                         0030000B
_CONFIG6L                         0030000A
_CONFIG7H                         0030000D
_CONFIG7L                         0030000C
_CP0_OFF_5L                       000000FF
_CP0_ON_5L                        000000FE
_CP1_OFF_5L                       000000FF
_CP1_ON_5L                        000000FD
_CP2_OFF_5L                       000000FF
_CP2_ON_5L                        000000FB
_CPB_OFF_5H                       000000FF
_CPB_ON_5H                        000000BF
_CPD_OFF_5H                       000000FF
_CPD_ON_5H                        0000007F
_CPUDIV_OSC1_PLL2_1L              000000E7
_CPUDIV_OSC2_PLL3_1L              000000EF
_CPUDIV_OSC3_PLL4_1L              000000F7
_CPUDIV_OSC4_PLL6_1L              000000FF
_CTRL                             0x00
_DAT0                             0x00
_DAT1                             0x40
_DEBUG_OFF_4L                     000000FF
_DEBUG_ON_4L                      0000007F
MPASM  5.51                      USB_DESC.ASM   7-7-2018  17:17:15         PAGE 27


SYMBOL TABLE
  LABEL                             VALUE 

_DEFAULT                          0x01 << 7
_DEVID1                           003FFFFE
_DEVID2                           003FFFFF
_DTSEN                            0x08
_DTSMASK                          0x40
_EBTR0_OFF_7L                     000000FF
_EBTR0_ON_7L                      000000FE
_EBTR1_OFF_7L                     000000FF
_EBTR1_ON_7L                      000000FD
_EBTR2_OFF_7L                     000000FF
_EBTR2_ON_7L                      000000FB
_EBTRB_OFF_7H                     000000FF
_EBTRB_ON_7H                      000000BF
_EP01_IN                          0x81
_EP01_OUT                         0x01
_FCMEN_OFF_1H                     000000BF
_FCMEN_ON_1H                      000000FF
_FOSC_ECIO_EC_1H                  000000F4
_FOSC_ECPLLIO_EC_1H               000000F6
_FOSC_ECPLL_EC_1H                 000000F7
_FOSC_EC_EC_1H                    000000F5
_FOSC_HSPLL_HS_1H                 000000FE
_FOSC_HS_1H                       000000FC
_FOSC_INTOSCIO_EC_1H              000000F8
_FOSC_INTOSC_EC_1H                000000F9
_FOSC_INTOSC_HS_1H                000000FB
_FOSC_INTOSC_XT_1H                000000FA
_FOSC_XTPLL_XT_1H                 000000F2
_FOSC_XT_XT_1H                    000000F0
_ICPRT_OFF_4L                     000000DF
_ICPRT_ON_4L                      000000FF
_IDLOC0                           00200000
_IDLOC1                           00200001
_IDLOC2                           00200002
_IDLOC3                           00200003
_IDLOC4                           00200004
_IDLOC5                           00200005
_IDLOC6                           00200006
_IDLOC7                           00200007
_IESO_OFF_1H                      0000007F
_IESO_ON_1H                       000000FF
_INCDIS                           0x10
_INT                              0x03
_ISO                              0x01
_KEN                              0x20
_LPT1OSC_OFF_3H                   000000FB
_LPT1OSC_ON_3H                    000000FF
_LVP_OFF_4L                       000000FB
_LVP_ON_4L                        000000FF
_MCLRE_OFF_3H                     0000007F
_MCLRE_ON_3H                      000000FF
_PBADEN_OFF_3H                    000000FD
_PBADEN_ON_3H                     000000FF
MPASM  5.51                      USB_DESC.ASM   7-7-2018  17:17:15         PAGE 28


SYMBOL TABLE
  LABEL                             VALUE 

_PLLDIV_10_1L                     000000FE
_PLLDIV_12_1L                     000000FF
_PLLDIV_1_1L                      000000F8
_PLLDIV_2_1L                      000000F9
_PLLDIV_3_1L                      000000FA
_PLLDIV_4_1L                      000000FB
_PLLDIV_5_1L                      000000FC
_PLLDIV_6_1L                      000000FD
_PWRT_OFF_2L                      000000FF
_PWRT_ON_2L                       000000FE
_RWU                              0x01 << 5
_SELF                             0x01 << 6
_STVREN_OFF_4L                    000000FE
_STVREN_ON_4L                     000000FF
_UCPU                             0x00
_USBDIV_1_1L                      000000DF
_USBDIV_2_1L                      000000FF
_USIE                             0x80
_VREGEN_OFF_2L                    000000DF
_VREGEN_ON_2L                     000000FF
_WDTPS_1024_2H                    000000F5
_WDTPS_128_2H                     000000EF
_WDTPS_16384_2H                   000000FD
_WDTPS_16_2H                      000000E9
_WDTPS_1_2H                       000000E1
_WDTPS_2048_2H                    000000F7
_WDTPS_256_2H                     000000F1
_WDTPS_2_2H                       000000E3
_WDTPS_32768_2H                   000000FF
_WDTPS_32_2H                      000000EB
_WDTPS_4096_2H                    000000F9
_WDTPS_4_2H                       000000E5
_WDTPS_512_2H                     000000F3
_WDTPS_64_2H                      000000ED
_WDTPS_8192_2H                    000000FB
_WDTPS_8_2H                       000000E7
_WDT_OFF_2H                       000000FE
_WDT_ON_2H                        000000FF
_WRT0_OFF_6L                      000000FF
_WRT0_ON_6L                       000000FE
_WRT1_OFF_6L                      000000FF
_WRT1_ON_6L                       000000FD
_WRT2_OFF_6L                      000000FF
_WRT2_ON_6L                       000000FB
_WRTB_OFF_6H                      000000FF
_WRTB_ON_6H                       000000BF
_WRTC_OFF_6H                      000000FF
_WRTC_ON_6H                       000000DF
_WRTD_OFF_6H                      000000FF
_WRTD_ON_6H                       0000007F
_XINST_OFF_4L                     000000BF
_XINST_ON_4L                      000000FF
__18F4455                         00000001
MPASM  5.51                      USB_DESC.ASM   7-7-2018  17:17:15         PAGE 29


SYMBOL TABLE
  LABEL                             VALUE 

__DEBUG                           1
bAltID                            2
bAltID_H                          3
bCfgRSD                           3
bCfgValue                         2
bDevADR                           2
bDevADRH                          3
bDscIndex                         2
bDscType                          3
bFeature                          2
bIntfID                           4
bIntfID_H                         5
bRequest                          1
bmRequestType                     0
wIndex                            4
wLangID                           4
wLength                           6
wValue                            2

Errors   :     0
Warnings :     0 reported,     0 suppressed
Messages :     0 reported,     0 suppressed

