MPASM  5.51                          XTEA.ASM   7-7-2018  17:17:09         PAGE  1


LOC  OBJECT CODE     LINE SOURCE TEXT
  VALUE

                      00001 ;;;;;;;;;;;;;;;;;;;;;;;;;;;;;;;;;;;;;;;;;;;;;;;;;;;;;;;;;;;;;;;;;;;;;;;;;;;;;;
                      00002 ;;  BootLoader.                                                             ;;
                      00003 ;;  Copyright (C) 2007 Diolan ( http://www.diolan.com )                     ;;
                      00004 ;;                                                                          ;;
                      00005 ;;  This program is free software: you can redistribute it and/or modify    ;;
                      00006 ;;  it under the terms of the GNU General Public License as published by    ;;
                      00007 ;;  the Free Software Foundation, either version 3 of the License, or       ;;
                      00008 ;;  (at your option) any later version.                                     ;;
                      00009 ;;                                                                          ;;
                      00010 ;;  This program is distributed in the hope that it will be useful,         ;;
                      00011 ;;  but WITHOUT ANY WARRANTY; without even the implied warranty of          ;;
                      00012 ;;  MERCHANTABILITY or FITNESS FOR A PARTICULAR PURPOSE.  See the           ;;
                      00013 ;;  GNU General Public License for more details.                            ;;
                      00014 ;;                                                                          ;;
                      00015 ;;  You should have received a copy of the GNU General Public License       ;;
                      00016 ;;  along with this program.  If not, see <http://www.gnu.org/licenses/>    ;;
                      00017 ;;;;;;;;;;;;;;;;;;;;;;;;;;;;;;;;;;;;;;;;;;;;;;;;;;;;;;;;;;;;;;;;;;;;;;;;;;;;;;
                      00018 ; XTEA Encoding / Decoding
                      00019 ;-----------------------------------------------------------------------------
                      00020         #include "P18F4455.INC"
                      00001         LIST
                      00002 
                      00003 ;==========================================================================
                      00004 ;  $Id: P18F4455.INC,v 1.9 2006/10/25 17:47:56 nairnj Exp $
                      00005 ;  MPASM PIC18F4455 processor include
                      00006 ; 
                      00007 ;  (c) Copyright 1999-2006 Microchip Technology, All rights reserved
                      00008 ;==========================================================================
                      00009 
                      01621         LIST
                      00021 ;-----------------------------------------------------------------------------
                      00022 ; Constants
                      00023 ;-----------------------------------------------------------------------------
                      00024 ; Access to boot_cmd 
  00000005            00025 CODE_SIZE_OFFS          equ     5
  00000006            00026 CODE_START_OFFS         equ     6
                      00027 ;-----------------------------------------------------------------------------
                      00028 ; Global Variables
                      00029 ;-----------------------------------------------------------------------------
  0000                00030         extern  boot_cmd
  0000                00031         extern  boot_rep
                      00032 ;-----------------------------------------------------------------------------
                      00033 ; Local Variables
                      00034 ;-----------------------------------------------------------------------------
                      00035 BOOT_DATA       UDATA
000000                00036 _sum    res     4       ; long sum  LSB first
000004                00037 tmp1    res     4       ; long tmp1 LSB first
000008                00038 tmp2    res     4       ; long tmp2 LSB first
00000C                00039 iter    res     1       ; XTEA iterations
00000D                00040 bcntr   res     1       ; Encoded/Decoded bytes counter
  0000                00041         global  _fsr
00000E                00042 _fsr    res     4       ; Temporary storage for FSR's
                      00043 ;-----------------------------------------------------------------------------
MPASM  5.51                          XTEA.ASM   7-7-2018  17:17:09         PAGE  2


LOC  OBJECT CODE     LINE SOURCE TEXT
  VALUE

                      00044 ; XTEA Algorithm Definitions
                      00045 ;-----------------------------------------------------------------------------
  00000040            00046 XTEA_ITERATIONS         equ     0x40    ; Number of iterations on x1,x2
                      00047 ;-----------------------------------------------------------------------------
                      00048 XTEA_KEYS_SECTION       CODE_PACK       0x001C  ; Place ROM constants after vectors
                      00049 #ifndef XTEA_KEY
00001C 30 31 32 33 34 00050 XTEA_KEY_VAL    db      "0123456789ABCDEF"      ; default 16 byte Key
       35 36 37 38 39 
       41 42 43 44 45 
       46 
                      00051 #else
                      00052 XTEA_KEY_VAL    db      XTEA_KEY                ; User 16 byte Key
                      00053 #endif
                      00054 ;-----------
00002C B9 79 37 9E    00055 DELTA           db      0xB9,0x79,0x37,0x9E     ; Delta
000030 47 86 C8 61    00056 MINUS_DELTA     db      0x47,0x86,0xC8,0x61     ; (-)Delta
000034 40 6E DE 8D    00057 DELTA_ITER      db      0x40,0x6e,0xde,0x8d     ; Delta*XTEA_ITERATIONS
                      00058 ;-----------------------------------------------------------------------------
                      00059 ; START
                      00060 ;-----------------------------------------------------------------------------
                      00061 XTEA_CODE       CODE
  0000                00062         GLOBAL  xtea_encode
  0000                00063         GLOBAL  xtea_decode
                      00064 ;-----------------------------------------------------------------------------
                      00065 ;       xtea_encode 
                      00066 ;-----------------------------------------------------------------------------
                      00067 ; DESCR :
                      00068 ; INPUT : boot_cmd
                      00069 ; OUTPUT: xtea_block
                      00070 ; NOTES :
                      00071 ;-----------------------------------------------------------------------------
000000                00072 xtea_encode:
000000 D???           00073         rcall   xtea_init                               ; Set TBLPTR, bcnt
000002 EE?? F0??      00074         lfsr    FSR2, boot_rep + CODE_START_OFFS                ; FSR2=&x1[0]
000006 EE?? F0??      00075         lfsr    FSR1, boot_rep + (CODE_START_OFFS + 4)  ; FSR1=&x2[0]
                      00076         ; while( bcnt-=8 )
00000A                00077 xtea_encode_loop
00000A D???           00078         rcall   xtea_init_iters         ; sum=0, iter=XTEA_ITERATIONS
                      00079         ; while( iter )
00000C                00080 xtea_encode_iter
                      00081         ; x1 += ((x2<<4 ^ x2>>5) + x2) ^ ( sum + key[ sum&0x03 ] )
00000C D???           00082         rcall   calc_x1
00000E D???           00083         rcall   sum_key_xor_add
                      00084         ; sum += DELTA                    
000010 0E??           00085         movlw   LOW(DELTA)
000012 D???           00086         rcall   add_sum_const
                      00087         ; x2 += ((x1<<4 ^ x1>>5) + x1) ^ ( sum + key[ (sum>>11)&0x03 ] )
000014 D???           00088         rcall   calc_x2
000016 D???           00089         rcall   sum_key_xor_add
                      00090 
000018 2E??           00091         decfsz  iter
00001A D???           00092         bra     xtea_encode_iter
                      00093 
MPASM  5.51                          XTEA.ASM   7-7-2018  17:17:09         PAGE  3


LOC  OBJECT CODE     LINE SOURCE TEXT
  VALUE

00001C D???           00094         rcall   after_iters
00001E E1??           00095         bnz     xtea_encode_loop
                      00096         
                      00097         ; Restore FSR1, FSR2
  0000                00098         GLOBAL  restore_fsr1_fsr2
000020                00099 restore_fsr1_fsr2
000020 C??? FFE1      00100         movff   _fsr, FSR1L                        
000024 C??? FFE2      00101         movff   _fsr + 1, FSR1H                          
000028 C??? FFD9      00102         movff   _fsr + 2, FSR2L                        
00002C C??? FFDA      00103         movff   _fsr + 3, FSR2H                          
                      00104         
000030 0012           00105         return
                      00106         
                      00107         
                      00108 ;-----------------------------------------------------------------------------
                      00109 ;       xtea_decode
                      00110 ;-----------------------------------------------------------------------------
                      00111 ; DESCR :
                      00112 ; INPUT : 
                      00113 ; OUTPUT: 
                      00114 ; NOTES :
                      00115 ;-----------------------------------------------------------------------------
000032                00116 xtea_decode
000032 D???           00117         rcall   xtea_init                               ; Set TBLPTR, bcnt
000034 EE?? F0??      00118         lfsr    FSR1, boot_cmd + CODE_START_OFFS        ; FSR1=&x1[0]
000038 EE?? F0??      00119         lfsr    FSR2, boot_cmd + (CODE_START_OFFS + 4)  ; FSR2=&x2[0]
                      00120         
                      00121         ; while( bcnt-=8 )
00003C                00122 xtea_decode_loop
00003C D???           00123         rcall   xtea_init_iters         ; sum=0, iter=XTEA_ITERATIONS
00003E 0E??           00124         movlw   LOW(DELTA_ITER)
000040 D???           00125         rcall   add_sum_const           ; sum = DELTA * XTEA_ITERATIONS
                      00126         
                      00127         ; while( iter )
000042                00128 xtea_decode_iter        
                      00129         ; x2 -= ((x1<<4 ^ x1>>5) + x1) ^ ( sum + key[ (sum>>11)&0x03 ] )
000042 D???           00130         rcall   calc_x2
000044 D???           00131         rcall   sum_key_xor_sub
                      00132         
                      00133         ; sum += -DELTA                    
000046 0E??           00134         movlw   LOW(MINUS_DELTA)
000048 D???           00135         rcall   add_sum_const
                      00136         
                      00137         ; x1 -= ((x2<<4 ^ x2>>5) + x2) ^ ( sum + key[ sum&0x03 ] )
00004A D???           00138         rcall   calc_x1
00004C D???           00139         rcall   sum_key_xor_sub
                      00140 
00004E 2E??           00141         decfsz  iter
000050 D???           00142         bra     xtea_decode_iter
                      00143         
000052 D???           00144         rcall   after_iters
000054 E1??           00145         bnz     xtea_decode_loop
                      00146         
MPASM  5.51                          XTEA.ASM   7-7-2018  17:17:09         PAGE  4


LOC  OBJECT CODE     LINE SOURCE TEXT
  VALUE

000056 D???           00147         bra     restore_fsr1_fsr2
                      00148 ;-----------------------------------------------------------------------------
                      00149 ; Local Functions
                      00150 ;-----------------------------------------------------------------------------
                      00151 ;
                      00152 ; Init Encoder/Decoder
                      00153 ; Assume TBLPTRU=0
000058                00154 xtea_init
                      00155         ; Prepare Table Pointer to access KEY                       
000058 6AF7           00156         clrf    TBLPTRH
                      00157 
00005A 50??           00158         movf    boot_cmd + CODE_SIZE_OFFS, W
00005C 0B38           00159         andlw   0x38
00005E 6E??           00160         movwf   boot_cmd + CODE_SIZE_OFFS       ; size8 &= 0x38
000060 6E??           00161         movwf   bcntr                           ; bcnt = size8
                      00162 
                      00163         ; Store FSR1,FSR2
  0000                00164         GLOBAL  store_fsr1_fsr2        
000062                00165 store_fsr1_fsr2
000062 CFE1 F???      00166         movff   FSR1L, _fsr                         
000066 CFE2 F???      00167         movff   FSR1H, _fsr + 1
00006A CFD9 F???      00168         movff   FSR2L, _fsr + 2
00006E CFDA F???      00169         movff   FSR2H, _fsr + 3
000072 0012           00170         return
                      00171 ;
                      00172 ; Init next 8 byte Encode/Decode 
                      00173 ;              
000074                00174 xtea_init_iters
000074 6A??           00175         clrf    _sum
000076 6A??           00176         clrf    _sum + 1
000078 6A??           00177         clrf    _sum + 2
00007A 6A??           00178         clrf    _sum + 3        ; _sum = 0
00007C 0E40           00179         movlw   XTEA_ITERATIONS
00007E 6E??           00180         movwf   iter            ; iter = XTEA_ITERATIONS
000080 0012           00181         return
                      00182 
                      00183 ;
                      00184 ; After 8 byte Encode/Decode
                      00185 ;              
000082                00186 after_iters
000082 E848           00187         addfsr  FSR1,0x08       
000084 E888           00188         addfsr  FSR2,0x08
                      00189         ; bcnt -= 8
000086 0E08           00190         movlw   0x08
000088 5E??           00191         subwf   bcntr           ; bcntr -=8
00008A 0012           00192         return                  ; Z will be set if bcntr==0
                      00193 
00008C                00194 calc_x1
00008C E944           00195         subfsr  FSR1, 0x04      ; FSR1 = &x1
00008E E884           00196         addfsr  FSR2, 0x04      ; FSR2 = &x2
000090 D???           00197         rcall   load_shift_xor_add
000092 50??           00198         movf    _sum,W
000094 0012           00199         return
MPASM  5.51                          XTEA.ASM   7-7-2018  17:17:09         PAGE  5


LOC  OBJECT CODE     LINE SOURCE TEXT
  VALUE

                      00200 
000096                00201 calc_x2
000096 E844           00202         addfsr  FSR1, 0x04      ; FSR1 = &x2
000098 E984           00203         subfsr  FSR2, 0x04      ; FSR2 = &x1
00009A D???           00204         rcall   load_shift_xor_add
00009C 0012           00205         return
                      00206 
00009E                00207 load_shift_xor_add
00009E D???           00208         rcall   load_shift      ; tmp1=tmp2=*FSR2; tmp1<<=4 ; tmp2=>>5
0000A0 D???           00209         rcall   xor_tmp1_tmp2   ; tmp1 = tmp1 ^ tmp2
0000A2 D???           00210         rcall   add_tmp1_FSR2   ; tmp1 = tmp1 + *FSR2
0000A4 50??           00211         movf    _sum + 1, W
0000A6 40E8           00212         rrncf   WREG, W
0000A8 40E8           00213         rrncf   WREG, W
0000AA 40E8           00214         rrncf   WREG, W         ; W = sum>>11
0000AC 0012           00215         return
                      00216 
0000AE                00217 sum_key_xor_add
0000AE D???           00218         rcall   sum_key         ; tmp2 = sum + key[ w ]
0000B0 D???           00219         rcall   xor_tmp1_tmp2   ; tmp1 = tmp1 ^ tmp2
0000B2 D???           00220         rcall   add_FSR1_tmp1   ; *FSR1 = *FSR1 + tmp1
0000B4 0012           00221         return
                      00222 
0000B6                00223 sum_key_xor_sub
0000B6 D???           00224         rcall   sum_key         ; tmp2 = sum + key[ w ]
0000B8 D???           00225         rcall   xor_tmp1_tmp2   ; tmp1 = tmp1 ^ tmp2
0000BA D???           00226         rcall   sub_FSR1_tmp1   ; *FSR1 = *FSR1 + tmp1
0000BC 0012           00227         return
                      00228 
                      00229 ; tmp1=tmp2=*FSR2; tmp1<<4; tmp2>>5        
0000BE                00230 load_shift
0000BE CFDF F???      00231         movff   INDF2, tmp1
0000C2 CFDE F???      00232         movff   POSTINC2, tmp2
0000C6 CFDF F???      00233         movff   INDF2, tmp1 + 1
0000CA CFDE F???      00234         movff   POSTINC2, tmp2 + 1
0000CE CFDF F???      00235         movff   INDF2, tmp1 + 2
0000D2 CFDE F???      00236         movff   POSTINC2, tmp2 + 2
0000D6 CFDF F???      00237         movff   INDF2, tmp1 + 3
0000DA CFDE F???      00238         movff   POSTINC2, tmp2 + 3
0000DE E984           00239         subfsr  FSR2, 4
                      00240         ; tmp1 <<= 4
0000E0 EE?? F0??      00241         lfsr    FSR0,tmp1
0000E4 0E04           00242         movlw   0x04            ; w=4
0000E6                00243 lsl4_0
0000E6 90D8           00244         bcf     STATUS, C       ; Carry=0
0000E8 36EE           00245         rlcf    POSTINC0
0000EA 36EE           00246         rlcf    POSTINC0
0000EC 36EE           00247         rlcf    POSTINC0
0000EE 36EE           00248         rlcf    POSTINC0        ; *FSR0 <<= 1
0000F0 E904           00249         subfsr  FSR0, 4
0000F2 2EE8           00250         decfsz  WREG
0000F4 D???           00251         bra     lsl4_0          ; while( w )
                      00252         ; tmp2 >>= 5
MPASM  5.51                          XTEA.ASM   7-7-2018  17:17:09         PAGE  6


LOC  OBJECT CODE     LINE SOURCE TEXT
  VALUE

0000F6 EE?? F0??      00253         lfsr    FSR0, tmp2 + 3
0000FA 0E05           00254         movlw   0x05            ; w=5
0000FC                00255 lsl5_0
0000FC 90D8           00256         bcf     STATUS,C        ; Carry=0
0000FE 32ED           00257         rrcf    POSTDEC0
000100 32ED           00258         rrcf    POSTDEC0
000102 32ED           00259         rrcf    POSTDEC0
000104 32ED           00260         rrcf    POSTDEC0        ; *FSR0 <<= 1
000106 E804           00261         addfsr  FSR0, 4
000108 2EE8           00262         decfsz  WREG
00010A D???           00263         bra     lsl5_0          ; while( w )
00010C 0012           00264         return
                      00265 
                      00266 ; (*FSR1) = (*FSR1) + tmp1
00010E                00267 add_FSR1_tmp1
00010E 50??           00268         movf    tmp1, W
000110 26E6           00269         addwf   POSTINC1
000112 50??           00270         movf    tmp1 + 1, W
000114 22E6           00271         addwfc  POSTINC1
000116 50??           00272         movf    tmp1 + 2, W
000118 22E6           00273         addwfc  POSTINC1
00011A 50??           00274         movf    tmp1 + 3, W
00011C 22E6           00275         addwfc  POSTINC1
00011E                00276 _xtea_1
00011E E944           00277         subfsr  FSR1, 4
000120 0012           00278         return
                      00279 
                      00280 ; (*FSR1) = (*FSR1) - tmp1
000122                00281 sub_FSR1_tmp1
000122 50??           00282         movf    tmp1, W
000124 5EE6           00283         subwf   POSTINC1
000126 50??           00284         movf    tmp1 + 1, W
000128 5AE6           00285         subwfb  POSTINC1
00012A 50??           00286         movf    tmp1 + 2, W
00012C 5AE6           00287         subwfb  POSTINC1
00012E 50??           00288         movf    tmp1 + 3, W
000130 5AE6           00289         subwfb  POSTINC1
000132 D???           00290         bra     _xtea_1
                      00291 
                      00292 ; tmp1 = tmp1 + *FSR2
000134                00293 add_tmp1_FSR2
000134 50DE           00294         movf    POSTINC2, W
000136 26??           00295         addwf   tmp1
000138 50DE           00296         movf    POSTINC2, W
00013A 22??           00297         addwfc  tmp1 + 1
00013C 50DE           00298         movf    POSTINC2, W
00013E 22??           00299         addwfc  tmp1 + 2
000140 50DE           00300         movf    POSTINC2, W
000142 22??           00301         addwfc  tmp1 + 3
000144 E984           00302         subfsr  FSR2, 4
000146 0012           00303         return
                      00304         
                      00305 ; tmp1 = tmp1 ^ tmp2
MPASM  5.51                          XTEA.ASM   7-7-2018  17:17:09         PAGE  7


LOC  OBJECT CODE     LINE SOURCE TEXT
  VALUE

000148                00306 xor_tmp1_tmp2
000148 50??           00307         movf    tmp2, W
00014A 1A??           00308         xorwf   tmp1
00014C 50??           00309         movf    tmp2 + 1, W
00014E 1A??           00310         xorwf   tmp1 + 1
000150 50??           00311         movf    tmp2 + 2, W
000152 1A??           00312         xorwf   tmp1 + 2
000154 50??           00313         movf    tmp2 + 3, W
000156 1A??           00314         xorwf   tmp1 + 3
000158 0012           00315         return
                      00316 
                      00317 ; tmp2 = sum + key[ (w&0x03) ]
00015A                00318 sum_key
00015A 0B03           00319         andlw   0x03            ; w = sum & 0x03
                      00320         ; XTEA_KET must be located in first 256 bytes of code ROM
00015C 46E8           00321         rlncf   WREG   
00015E 46E8           00322         rlncf   WREG            ; W *=4
000160 0F??           00323         addlw   LOW(XTEA_KEY_VAL)
000162 6EF6           00324         movwf   TBLPTRL         ; TBLPTR = &key[ w ]
                      00325 
000164 EE?? F0??      00326         lfsr    FSR0, tmp2
000168 D???           00327         bra     add_FSR0_sum_TBLPTR
                      00328 
                      00329 ; sum = sum + *((rom*)w)
00016A                00330 add_sum_const
00016A 6EF6           00331         movwf   TBLPTRL         ; TBLPTR = &const
00016C EE?? F0??      00332         lfsr    FSR0,_sum
                      00333 ; *FSR0 = sum + *TBLPTR
000170                00334 add_FSR0_sum_TBLPTR
000170 0009           00335         tblrd*+
000172 50??           00336         movf    _sum, W
000174 24F5           00337         addwf   TABLAT, W
000176 6EEE           00338         movwf   POSTINC0
000178 0009           00339         tblrd*+
00017A 50??           00340         movf    _sum + 1, W
00017C 20F5           00341         addwfc  TABLAT, W
00017E 6EEE           00342         movwf   POSTINC0
000180 0009           00343         tblrd*+
000182 50??           00344         movf    _sum + 2, W
000184 20F5           00345         addwfc  TABLAT, W
000186 6EEE           00346         movwf   POSTINC0
000188 0009           00347         tblrd*+
00018A 50??           00348         movf    _sum + 3, W
00018C 20F5           00349         addwfc  TABLAT, W
00018E 6EEE           00350         movwf   POSTINC0
000190 0012           00351         return
                      00352 ;-----------------------------------------------------------------------------
                      00353         END
MPASM  5.51                          XTEA.ASM   7-7-2018  17:17:09         PAGE  8


SYMBOL TABLE
  LABEL                             VALUE 

A                                 00000000
ABDEN                             00000000
ABDOVF                            00000007
ACCESS                            00000000
ACKDT                             00000005
ACKEN                             00000004
ACKSTAT                           00000006
ACQT0                             00000003
ACQT1                             00000004
ACQT2                             00000005
ACTVIE                            00000002
ACTVIF                            00000002
ADCON0                            00000FC2
ADCON1                            00000FC1
ADCON2                            00000FC0
ADCS0                             00000000
ADCS1                             00000001
ADCS2                             00000002
ADDEN                             00000003
ADDR0                             00000000
ADDR1                             00000001
ADDR2                             00000002
ADDR3                             00000003
ADDR4                             00000004
ADDR5                             00000005
ADDR6                             00000006
ADEN                              00000003
ADFM                              00000007
ADIE                              00000006
ADIF                              00000006
ADIP                              00000006
ADON                              00000000
ADRES                             00000FC3
ADRESH                            00000FC4
ADRESL                            00000FC3
AN0                               00000000
AN1                               00000001
AN2                               00000002
AN3                               00000003
AN4                               00000005
BANKED                            00000001
BAUDCON                           00000FB8
BCLIE                             00000003
BCLIF                             00000003
BCLIP                             00000003
BF                                00000000
BGST                              00000005
BOR                               00000000
BRG16                             00000003
BRGH                              00000002
BSR                               00000FE0
BTOEE                             00000004
BTOEF                             00000004
MPASM  5.51                          XTEA.ASM   7-7-2018  17:17:09         PAGE  9


SYMBOL TABLE
  LABEL                             VALUE 

BTSEE                             00000007
BTSEF                             00000007
C                                 00000000
C1INV                             00000004
C1OUT                             00000006
C2INV                             00000005
C2OUT                             00000007
CCP1                              00000002
CCP1AS                            00000FB6
CCP1CON                           00000FBD
CCP1DEL                           00000FB7
CCP1IE                            00000002
CCP1IF                            00000002
CCP1IP                            00000002
CCP1M0                            00000000
CCP1M1                            00000001
CCP1M2                            00000002
CCP1M3                            00000003
CCP2CON                           00000FBA
CCP2IE                            00000000
CCP2IF                            00000000
CCP2IP                            00000000
CCP2M0                            00000000
CCP2M1                            00000001
CCP2M2                            00000002
CCP2M3                            00000003
CCPR1                             00000FBE
CCPR1H                            00000FBF
CCPR1L                            00000FBE
CCPR2                             00000FBB
CCPR2H                            00000FBC
CCPR2L                            00000FBB
CFGS                              00000006
CHS0                              00000002
CHS1                              00000003
CHS2                              00000004
CHS3                              00000005
CIS                               00000003
CK                                00000006
CK1SPP                            00000000
CK2SPP                            00000001
CKE                               00000006
CKP                               00000004
CLK1EN                            00000004
CLKCFG0                           00000006
CLKCFG1                           00000007
CM0                               00000000
CM1                               00000001
CM2                               00000002
CMCON                             00000FB4
CMIE                              00000006
CMIF                              00000006
CMIP                              00000006
MPASM  5.51                          XTEA.ASM   7-7-2018  17:17:09         PAGE 10


SYMBOL TABLE
  LABEL                             VALUE 

CODE_SIZE_OFFS                    00000005
CODE_START_OFFS                   00000006
CRC16EE                           00000002
CRC16EF                           00000002
CRC5EE                            00000001
CRC5EF                            00000001
CREN                              00000004
CSEN                              00000005
CSRC                              00000007
CVR0                              00000000
CVR1                              00000001
CVR2                              00000002
CVR3                              00000003
CVRCON                            00000FB5
CVREF                             00000004
CVREN                             00000007
CVROE                             00000006
CVRR                              00000005
CVRSS                             00000004
D                                 00000005
DATA_ADDRESS                      00000005
DC                                00000001
DC1B0                             00000004
DC1B1                             00000005
DC2B0                             00000004
DC2B1                             00000005
DDRA                              TRISA
DDRB                              TRISB
DDRC                              TRISC
DDRD                              TRISD
DDRE                              TRISE
DELTA                             0000002C
DELTA_ITER                        00000034
DFN8EE                            00000003
DFN8EF                            00000003
DIR                               00000002
DONE                              00000001
D_A                               00000005
ECCP1AS                           00000FB6
ECCP1CON                          00000FBD
ECCP1DEL                          00000FB7
ECCPAS0                           00000004
ECCPAS1                           00000005
ECCPAS2                           00000006
ECCPASE                           00000007
EEADR                             00000FA9
EECON1                            00000FA6
EECON2                            00000FA7
EEDATA                            00000FA8
EEIE                              00000004
EEIF                              00000004
EEIP                              00000004
EEPGD                             00000007
MPASM  5.51                          XTEA.ASM   7-7-2018  17:17:09         PAGE 11


SYMBOL TABLE
  LABEL                             VALUE 

ENDP0                             00000003
ENDP1                             00000004
ENDP2                             00000005
ENDP3                             00000006
EPCONDIS                          00000003
EPHSHK                            00000004
EPINEN                            00000001
EPOUTEN                           00000002
EPSTALL                           00000000
FAST                              00000001
FERR                              00000002
FLTS                              00000002
FREE                              00000004
FRM0                              00000000
FRM1                              00000001
FRM10                             00000002
FRM2                              00000002
FRM3                              00000003
FRM4                              00000004
FRM5                              00000005
FRM6                              00000006
FRM7                              00000007
FRM8                              00000000
FRM9                              00000001
FSEN                              00000002
FSR0                              00000000
FSR0H                             00000FEA
FSR0L                             00000FE9
FSR1                              00000001
FSR1H                             00000FE2
FSR1L                             00000FE1
FSR2                              00000002
FSR2H                             00000FDA
FSR2L                             00000FD9
GCEN                              00000007
GIE                               00000007
GIEH                              00000007
GIEL                              00000006
GO                                00000001
GO_DONE                           00000001
HLVDCON                           00000FD2
HLVDEN                            00000004
HLVDIE                            00000002
HLVDIF                            00000002
HLVDIN                            00000005
HLVDIP                            00000002
HLVDL0                            00000000
HLVDL1                            00000001
HLVDL2                            00000002
HLVDL3                            00000003
I2C_DAT                           00000005
I2C_READ                          00000002
I2C_START                         00000003
MPASM  5.51                          XTEA.ASM   7-7-2018  17:17:09         PAGE 12


SYMBOL TABLE
  LABEL                             VALUE 

I2C_STOP                          00000004
IDLEIE                            00000004
IDLEIF                            00000004
IDLEN                             00000007
INDF0                             00000FEF
INDF1                             00000FE7
INDF2                             00000FDF
INT0                              00000000
INT0E                             00000004
INT0F                             00000001
INT0IE                            00000004
INT0IF                            00000001
INT1                              00000001
INT1E                             00000003
INT1F                             00000000
INT1IE                            00000003
INT1IF                            00000000
INT1IP                            00000006
INT1P                             00000006
INT2                              00000002
INT2E                             00000004
INT2F                             00000001
INT2IE                            00000004
INT2IF                            00000001
INT2IP                            00000007
INT2P                             00000007
INTCON                            00000FF2
INTCON2                           00000FF1
INTCON3                           00000FF0
INTEDG0                           00000006
INTEDG1                           00000005
INTEDG2                           00000004
INTSRC                            00000007
IOFS                              00000002
IPEN                              00000007
IPR1                              00000F9F
IPR2                              00000FA2
IRCF0                             00000004
IRCF1                             00000005
IRCF2                             00000006
IRVST                             00000005
IVRST                             00000005
LATA                              00000F89
LATA0                             00000000
LATA1                             00000001
LATA2                             00000002
LATA3                             00000003
LATA4                             00000004
LATA5                             00000005
LATA6                             00000006
LATB                              00000F8A
LATB0                             00000000
LATB1                             00000001
MPASM  5.51                          XTEA.ASM   7-7-2018  17:17:09         PAGE 13


SYMBOL TABLE
  LABEL                             VALUE 

LATB2                             00000002
LATB3                             00000003
LATB4                             00000004
LATB5                             00000005
LATB6                             00000006
LATB7                             00000007
LATC                              00000F8B
LATC0                             00000000
LATC1                             00000001
LATC2                             00000002
LATC6                             00000006
LATC7                             00000007
LATD                              00000F8C
LATD0                             00000000
LATD1                             00000001
LATD2                             00000002
LATD3                             00000003
LATD4                             00000004
LATD5                             00000005
LATD6                             00000006
LATD7                             00000007
LATE                              00000F8D
LATE0                             00000000
LATE1                             00000001
LATE2                             00000002
LVDCON                            00000FD2
LVDEN                             00000004
LVDIE                             00000002
LVDIF                             00000002
LVDIN                             00000005
LVDIP                             00000002
LVDL0                             00000000
LVDL1                             00000001
LVDL2                             00000002
LVDL3                             00000003
LVV0                              00000000
LVV1                              00000001
LVV2                              00000002
LVV3                              00000003
MINUS_DELTA                       00000030
N                                 00000004
NOT_A                             00000005
NOT_ADDRESS                       00000005
NOT_BOR                           00000000
NOT_DONE                          00000001
NOT_IPEN                          00000007
NOT_PD                            00000002
NOT_POR                           00000001
NOT_RBPU                          00000007
NOT_RI                            00000004
NOT_T1SYNC                        00000002
NOT_T3SYNC                        00000002
NOT_TO                            00000003
MPASM  5.51                          XTEA.ASM   7-7-2018  17:17:09         PAGE 14


SYMBOL TABLE
  LABEL                             VALUE 

NOT_W                             00000002
NOT_WRITE                         00000002
OERR                              00000001
OESPP                             00000002
OSC2                              00000006
OSCCON                            00000FD3
OSCFIE                            00000007
OSCFIF                            00000007
OSCFIP                            00000007
OSCTUNE                           00000F9B
OSTS                              00000003
OV                                00000003
P                                 00000004
P1A                               00000002
P1M0                              00000006
P1M1                              00000007
PC                                00000FF9
PCFG0                             00000000
PCFG1                             00000001
PCFG2                             00000002
PCFG3                             00000003
PCL                               00000FF9
PCLATH                            00000FFA
PCLATU                            00000FFB
PD                                00000002
PDC0                              00000000
PDC1                              00000001
PDC2                              00000002
PDC3                              00000003
PDC4                              00000004
PDC5                              00000005
PDC6                              00000006
PEIE                              00000006
PEN                               00000002
PGC                               00000006
PGD                               00000007
PGM                               00000005
PIDEE                             00000000
PIDEF                             00000000
PIE1                              00000F9D
PIE2                              00000FA0
PIR1                              00000F9E
PIR2                              00000FA1
PKTDIS                            00000004
PLUSW0                            00000FEB
PLUSW1                            00000FE3
PLUSW2                            00000FDB
POR                               00000001
PORTA                             00000F80
PORTB                             00000F81
PORTC                             00000F82
PORTD                             00000F83
PORTE                             00000F84
MPASM  5.51                          XTEA.ASM   7-7-2018  17:17:09         PAGE 15


SYMBOL TABLE
  LABEL                             VALUE 

POSTDEC0                          00000FED
POSTDEC1                          00000FE5
POSTDEC2                          00000FDD
POSTINC0                          00000FEE
POSTINC1                          00000FE6
POSTINC2                          00000FDE
PPB0                              00000000
PPB1                              00000001
PPBI                              00000001
PPBRST                            00000006
PR2                               00000FCB
PREINC0                           00000FEC
PREINC1                           00000FE4
PREINC2                           00000FDC
PROD                              00000FF3
PRODH                             00000FF4
PRODL                             00000FF3
PRSEN                             00000007
PSA                               00000003
PSSAC0                            00000002
PSSAC1                            00000003
PSSBD0                            00000000
PSSBD1                            00000001
R                                 00000002
RA0                               00000000
RA1                               00000001
RA2                               00000002
RA3                               00000003
RA4                               00000004
RA5                               00000005
RA6                               00000006
RB0                               00000000
RB1                               00000001
RB2                               00000002
RB3                               00000003
RB4                               00000004
RB5                               00000005
RB6                               00000006
RB7                               00000007
RBIE                              00000003
RBIF                              00000000
RBIP                              00000000
RBPU                              00000007
RC0                               00000000
RC1                               00000001
RC2                               00000002
RC4                               00000004
RC5                               00000005
RC6                               00000006
RC7                               00000007
RCEN                              00000003
RCIDL                             00000006
RCIE                              00000005
MPASM  5.51                          XTEA.ASM   7-7-2018  17:17:09         PAGE 16


SYMBOL TABLE
  LABEL                             VALUE 

RCIF                              00000005
RCIP                              00000005
RCMT                              00000006
RCON                              00000FD0
RCREG                             00000FAE
RCSTA                             00000FAB
RD                                00000000
RD0                               00000000
RD1                               00000001
RD16                              00000007
RD2                               00000002
RD3                               00000003
RD4                               00000004
RD5                               00000005
RD6                               00000006
RD7                               00000007
RDPU                              00000007
RDSPP                             00000007
RE0                               00000000
RE1                               00000001
RE2                               00000002
RE3                               00000003
READ_WRITE                        00000002
RESUME                            00000002
RI                                00000004
RSEN                              00000001
RX                                00000007
RX9                               00000006
RX9D                              00000000
R_W                               00000002
S                                 00000003
SBOREN                            00000006
SCKP                              00000004
SCS0                              00000000
SCS1                              00000001
SE0                               00000005
SEN                               00000000
SENDB                             00000003
SMP                               00000007
SOFIE                             00000006
SOFIF                             00000006
SPBRG                             00000FAF
SPBRGH                            00000FB0
SPEN                              00000007
SPP0                              00000000
SPP1                              00000001
SPP2                              00000002
SPP3                              00000003
SPP4                              00000004
SPP5                              00000005
SPP6                              00000006
SPP7                              00000007
SPPBUSY                           00000004
MPASM  5.51                          XTEA.ASM   7-7-2018  17:17:09         PAGE 17


SYMBOL TABLE
  LABEL                             VALUE 

SPPCFG                            00000F63
SPPCON                            00000F65
SPPDATA                           00000F62
SPPEN                             00000000
SPPEPS                            00000F64
SPPIE                             00000007
SPPIF                             00000007
SPPIP                             00000007
SPPOWN                            00000001
SREN                              00000005
SSPADD                            00000FC8
SSPBUF                            00000FC9
SSPCON1                           00000FC6
SSPCON2                           00000FC5
SSPEN                             00000005
SSPIE                             00000003
SSPIF                             00000003
SSPIP                             00000003
SSPM0                             00000000
SSPM1                             00000001
SSPM2                             00000002
SSPM3                             00000003
SSPOV                             00000006
SSPSTAT                           00000FC7
STALLIE                           00000005
STALLIF                           00000005
STATUS                            00000FD8
STKFUL                            00000007
STKPTR                            00000FFC
STKPTR0                           00000000
STKPTR1                           00000001
STKPTR2                           00000002
STKPTR3                           00000003
STKPTR4                           00000004
STKUNF                            00000006
SUSPND                            00000001
SWDTE                             00000000
SWDTEN                            00000000
SYNC                              00000004
T08BIT                            00000006
T0CKI                             00000004
T0CON                             00000FD5
T0CS                              00000005
T0IE                              00000005
T0IF                              00000002
T0IP                              00000002
T0PS0                             00000000
T0PS1                             00000001
T0PS2                             00000002
T0SE                              00000004
T13CKI                            00000000
T1CKPS0                           00000004
T1CKPS1                           00000005
MPASM  5.51                          XTEA.ASM   7-7-2018  17:17:09         PAGE 18


SYMBOL TABLE
  LABEL                             VALUE 

T1CON                             00000FCD
T1OSCEN                           00000003
T1OSI                             00000001
T1OSO                             00000000
T1RUN                             00000006
T1SYNC                            00000002
T2CKPS0                           00000000
T2CKPS1                           00000001
T2CON                             00000FCA
T2OUTPS0                          00000003
T2OUTPS1                          00000004
T2OUTPS2                          00000005
T2OUTPS3                          00000006
T3CCP1                            00000003
T3CCP2                            00000006
T3CKPS0                           00000004
T3CKPS1                           00000005
T3CON                             00000FB1
T3NSYNC                           00000002
T3SYNC                            00000002
TABLAT                            00000FF5
TBLPTR                            00000FF6
TBLPTRH                           00000FF7
TBLPTRL                           00000FF6
TBLPTRU                           00000FF8
TMR0H                             00000FD7
TMR0IE                            00000005
TMR0IF                            00000002
TMR0IP                            00000002
TMR0L                             00000FD6
TMR0ON                            00000007
TMR1CS                            00000001
TMR1H                             00000FCF
TMR1IE                            00000000
TMR1IF                            00000000
TMR1IP                            00000000
TMR1L                             00000FCE
TMR1ON                            00000000
TMR2                              00000FCC
TMR2IE                            00000001
TMR2IF                            00000001
TMR2IP                            00000001
TMR2ON                            00000002
TMR3CS                            00000001
TMR3H                             00000FB3
TMR3IE                            00000001
TMR3IF                            00000001
TMR3IP                            00000001
TMR3L                             00000FB2
TMR3ON                            00000000
TO                                00000003
TOS                               00000FFD
TOSH                              00000FFE
MPASM  5.51                          XTEA.ASM   7-7-2018  17:17:09         PAGE 19


SYMBOL TABLE
  LABEL                             VALUE 

TOSL                              00000FFD
TOSU                              00000FFF
TRISA                             00000F92
TRISA0                            00000000
TRISA1                            00000001
TRISA2                            00000002
TRISA3                            00000003
TRISA4                            00000004
TRISA5                            00000005
TRISA6                            00000006
TRISB                             00000F93
TRISB0                            00000000
TRISB1                            00000001
TRISB2                            00000002
TRISB3                            00000003
TRISB4                            00000004
TRISB5                            00000005
TRISB6                            00000006
TRISB7                            00000007
TRISC                             00000F94
TRISC0                            00000000
TRISC1                            00000001
TRISC2                            00000002
TRISC6                            00000006
TRISC7                            00000007
TRISD                             00000F95
TRISD0                            00000000
TRISD1                            00000001
TRISD2                            00000002
TRISD3                            00000003
TRISD4                            00000004
TRISD5                            00000005
TRISD6                            00000006
TRISD7                            00000007
TRISE                             00000F96
TRISE0                            00000000
TRISE1                            00000001
TRISE2                            00000002
TRMT                              00000001
TRNIE                             00000003
TRNIF                             00000003
TUN0                              00000000
TUN1                              00000001
TUN2                              00000002
TUN3                              00000003
TUN4                              00000004
TX                                00000006
TX9                               00000006
TX9D                              00000000
TXEN                              00000005
TXIE                              00000004
TXIF                              00000004
TXIP                              00000004
MPASM  5.51                          XTEA.ASM   7-7-2018  17:17:09         PAGE 20


SYMBOL TABLE
  LABEL                             VALUE 

TXREG                             00000FAD
TXSTA                             00000FAC
UA                                00000001
UADDR                             00000F6E
UCFG                              00000F6F
UCON                              00000F6D
UEIE                              00000F6B
UEIR                              00000F6A
UEP0                              00000F70
UEP1                              00000F71
UEP10                             00000F7A
UEP11                             00000F7B
UEP12                             00000F7C
UEP13                             00000F7D
UEP14                             00000F7E
UEP15                             00000F7F
UEP2                              00000F72
UEP3                              00000F73
UEP4                              00000F74
UEP5                              00000F75
UEP6                              00000F76
UEP7                              00000F77
UEP8                              00000F78
UEP9                              00000F79
UERRIE                            00000001
UERRIF                            00000001
UFRM                              00000F66
UFRMH                             00000F67
UFRML                             00000F66
UIE                               00000F69
UIR                               00000F68
UOEMON                            00000006
UPUEN                             00000004
URSTIE                            00000000
URSTIF                            00000000
USBEN                             00000003
USBIE                             00000005
USBIF                             00000005
USBIP                             00000005
USTAT                             00000F6C
UTEYE                             00000007
UTRDIS                            00000003
VCFG0                             00000004
VCFG1                             00000005
VDIRMAG                           00000007
VREFM                             00000002
VREFP                             00000003
W                                 00000000
WCOL                              00000007
WDTCON                            00000FD1
WR                                00000001
WREG                              00000FE8
WREN                              00000002
MPASM  5.51                          XTEA.ASM   7-7-2018  17:17:09         PAGE 21


SYMBOL TABLE
  LABEL                             VALUE 

WRERR                             00000003
WRSPP                             00000006
WS0                               00000000
WS1                               00000001
WS2                               00000002
WS3                               00000003
WUE                               00000001
XTEA_ITERATIONS                   00000040
XTEA_KEY_VAL                      0000001C
Z                                 00000002
_BORV_0_2L                        000000E7
_BORV_1_2L                        000000EF
_BORV_2_2L                        000000F7
_BORV_3_2L                        000000FF
_BOR_OFF_2L                       000000F9
_BOR_ON_2L                        000000FF
_BOR_ON_ACTIVE_2L                 000000FD
_BOR_SOFT_2L                      000000FB
_CCP2MX_OFF_3H                    000000FE
_CCP2MX_ON_3H                     000000FF
_CONFIG1H                         00300001
_CONFIG1L                         00300000
_CONFIG2H                         00300003
_CONFIG2L                         00300002
_CONFIG3H                         00300005
_CONFIG4L                         00300006
_CONFIG5H                         00300009
_CONFIG5L                         00300008
_CONFIG6H                         0030000B
_CONFIG6L                         0030000A
_CONFIG7H                         0030000D
_CONFIG7L                         0030000C
_CP0_OFF_5L                       000000FF
_CP0_ON_5L                        000000FE
_CP1_OFF_5L                       000000FF
_CP1_ON_5L                        000000FD
_CP2_OFF_5L                       000000FF
_CP2_ON_5L                        000000FB
_CPB_OFF_5H                       000000FF
_CPB_ON_5H                        000000BF
_CPD_OFF_5H                       000000FF
_CPD_ON_5H                        0000007F
_CPUDIV_OSC1_PLL2_1L              000000E7
_CPUDIV_OSC2_PLL3_1L              000000EF
_CPUDIV_OSC3_PLL4_1L              000000F7
_CPUDIV_OSC4_PLL6_1L              000000FF
_DEBUG_OFF_4L                     000000FF
_DEBUG_ON_4L                      0000007F
_DEVID1                           003FFFFE
_DEVID2                           003FFFFF
_EBTR0_OFF_7L                     000000FF
_EBTR0_ON_7L                      000000FE
_EBTR1_OFF_7L                     000000FF
MPASM  5.51                          XTEA.ASM   7-7-2018  17:17:09         PAGE 22


SYMBOL TABLE
  LABEL                             VALUE 

_EBTR1_ON_7L                      000000FD
_EBTR2_OFF_7L                     000000FF
_EBTR2_ON_7L                      000000FB
_EBTRB_OFF_7H                     000000FF
_EBTRB_ON_7H                      000000BF
_FCMEN_OFF_1H                     000000BF
_FCMEN_ON_1H                      000000FF
_FOSC_ECIO_EC_1H                  000000F4
_FOSC_ECPLLIO_EC_1H               000000F6
_FOSC_ECPLL_EC_1H                 000000F7
_FOSC_EC_EC_1H                    000000F5
_FOSC_HSPLL_HS_1H                 000000FE
_FOSC_HS_1H                       000000FC
_FOSC_INTOSCIO_EC_1H              000000F8
_FOSC_INTOSC_EC_1H                000000F9
_FOSC_INTOSC_HS_1H                000000FB
_FOSC_INTOSC_XT_1H                000000FA
_FOSC_XTPLL_XT_1H                 000000F2
_FOSC_XT_XT_1H                    000000F0
_ICPRT_OFF_4L                     000000DF
_ICPRT_ON_4L                      000000FF
_IDLOC0                           00200000
_IDLOC1                           00200001
_IDLOC2                           00200002
_IDLOC3                           00200003
_IDLOC4                           00200004
_IDLOC5                           00200005
_IDLOC6                           00200006
_IDLOC7                           00200007
_IESO_OFF_1H                      0000007F
_IESO_ON_1H                       000000FF
_LPT1OSC_OFF_3H                   000000FB
_LPT1OSC_ON_3H                    000000FF
_LVP_OFF_4L                       000000FB
_LVP_ON_4L                        000000FF
_MCLRE_OFF_3H                     0000007F
_MCLRE_ON_3H                      000000FF
_PBADEN_OFF_3H                    000000FD
_PBADEN_ON_3H                     000000FF
_PLLDIV_10_1L                     000000FE
_PLLDIV_12_1L                     000000FF
_PLLDIV_1_1L                      000000F8
_PLLDIV_2_1L                      000000F9
_PLLDIV_3_1L                      000000FA
_PLLDIV_4_1L                      000000FB
_PLLDIV_5_1L                      000000FC
_PLLDIV_6_1L                      000000FD
_PWRT_OFF_2L                      000000FF
_PWRT_ON_2L                       000000FE
_STVREN_OFF_4L                    000000FE
_STVREN_ON_4L                     000000FF
_USBDIV_1_1L                      000000DF
_USBDIV_2_1L                      000000FF
MPASM  5.51                          XTEA.ASM   7-7-2018  17:17:09         PAGE 23


SYMBOL TABLE
  LABEL                             VALUE 

_VREGEN_OFF_2L                    000000DF
_VREGEN_ON_2L                     000000FF
_WDTPS_1024_2H                    000000F5
_WDTPS_128_2H                     000000EF
_WDTPS_16384_2H                   000000FD
_WDTPS_16_2H                      000000E9
_WDTPS_1_2H                       000000E1
_WDTPS_2048_2H                    000000F7
_WDTPS_256_2H                     000000F1
_WDTPS_2_2H                       000000E3
_WDTPS_32768_2H                   000000FF
_WDTPS_32_2H                      000000EB
_WDTPS_4096_2H                    000000F9
_WDTPS_4_2H                       000000E5
_WDTPS_512_2H                     000000F3
_WDTPS_64_2H                      000000ED
_WDTPS_8192_2H                    000000FB
_WDTPS_8_2H                       000000E7
_WDT_OFF_2H                       000000FE
_WDT_ON_2H                        000000FF
_WRT0_OFF_6L                      000000FF
_WRT0_ON_6L                       000000FE
_WRT1_OFF_6L                      000000FF
_WRT1_ON_6L                       000000FD
_WRT2_OFF_6L                      000000FF
_WRT2_ON_6L                       000000FB
_WRTB_OFF_6H                      000000FF
_WRTB_ON_6H                       000000BF
_WRTC_OFF_6H                      000000FF
_WRTC_ON_6H                       000000DF
_WRTD_OFF_6H                      000000FF
_WRTD_ON_6H                       0000007F
_XINST_OFF_4L                     000000BF
_XINST_ON_4L                      000000FF
__18F4455                         00000001
__DEBUG                           1
_fsr                              0000000E
_sum                              00000000
_xtea_1                           0000011E
add_FSR0_sum_TBLPTR               00000170
add_FSR1_tmp1                     0000010E
add_sum_const                     0000016A
add_tmp1_FSR2                     00000134
after_iters                       00000082
bcntr                             0000000D
boot_cmd                          00000000
boot_rep                          00000000
calc_x1                           0000008C
calc_x2                           00000096
iter                              0000000C
load_shift                        000000BE
load_shift_xor_add                0000009E
lsl4_0                            000000E6
MPASM  5.51                          XTEA.ASM   7-7-2018  17:17:09         PAGE 24


SYMBOL TABLE
  LABEL                             VALUE 

lsl5_0                            000000FC
restore_fsr1_fsr2                 00000020
store_fsr1_fsr2                   00000062
sub_FSR1_tmp1                     00000122
sum_key                           0000015A
sum_key_xor_add                   000000AE
sum_key_xor_sub                   000000B6
tmp1                              00000004
tmp2                              00000008
xor_tmp1_tmp2                     00000148
xtea_decode                       00000032
xtea_decode_iter                  00000042
xtea_decode_loop                  0000003C
xtea_encode                       00000000
xtea_encode_iter                  0000000C
xtea_encode_loop                  0000000A
xtea_init                         00000058
xtea_init_iters                   00000074

Errors   :     0
Warnings :     0 reported,     0 suppressed
Messages :     0 reported,     0 suppressed

